     1                                 %line 1+1 ast04.asm
     2                                 
     3                                 
     4                                 
     5                                 
     6                                 
     7                                 
     8                                 
     9                                 
    10                                 
    11                                 
    12                                 
    13                                 
    14                                 
    15                                 
    16                                 
    17                                 [section .data]
    18                                 
    19                                 
    20                                 
    21                                 
    22                                 NULL equ 0
    23                                 
    24                                 TRUE equ 1
    25                                 FALSE equ 0
    26                                 
    27                                 EXIT_SUCCESS equ 0
    28                                 SYS_exit equ 60
    29                                 
    30                                 
    31                                 
    32                                 
    33 00000000 5C080000B8F6FFFFEC-    list dd 2140, -2376, 2540, -2240, 2677, -2635, 2426, 2000
    34 00000000 09000040F7FFFF750A-
    35 00000000 0000B5F5FFFF7A0900-
    36 00000000 00D0070000         
    37 00000020 CAF5FFFF720900002F-     dd -2614, 2418, -2513, 2420, -2119, 2215, -2556, 2712
    38 00000020 F6FFFF74090000B9F7-
    39 00000020 FFFFA708000004F6FF-
    40 00000020 FF980A0000         
    41 00000040 84090000C2F5FFFFAB-     dd 2436, -2622, 2731, -2729, 2615, -2724, 2208, 2220
    42 00000040 0A000057F5FFFF370A-
    43 00000040 00005CF5FFFFA00800-
    44 00000040 00AC080000         
    45 00000060 ECF5FFFF62080000EC-     dd -2580, 2146, -2324, 2425, -2816, 2256, -2718, 2192
    46 00000060 F6FFFF7909000000F5-
    47 00000060 FFFFD008000062F5FF-
    48 00000060 FF90080000         
    49 00000080 D407000045F7FFFFCC-     dd 2004, -2235, 2764, -2615, 2312, -2765, 2954, 2960
    50 00000080 0A0000C9F5FFFF0809-
    51 00000080 000033F5FFFF8A0B00-
    52 00000080 00900B0000         
    53 000000A0 2DF6FFFFFC090000DA-     dd -2515, 2556, -2342, 2321, -2556, 2727, -2227, 2844
    54 000000A0 F6FFFF1109000004F6-
    55 000000A0 FFFFA70A00004DF7FF-
    56 000000A0 FF1C0B0000         
    57 000000C0 4E0900005FF6FFFF8B-     dd 2382, -2465, 2955, -2435, 2225, -2419, 2534, 2348
    58 000000C0 0B00007DF6FFFFB108-
    59 000000C0 00008DF6FFFFE60900-
    60 000000C0 002C090000         
    61 000000E0 5DF6FFFF0C0900006F-     dd -2467, 2316, -2961, 2335, -2856, 2553, -2032, 2832
    62 000000E0 F4FFFF1F090000D8F4-
    63 000000E0 FFFFF909000010F8FF-
    64 000000E0 FF100B0000         
    65 00000100 C6080000E6F6FFFF0D-     dd 2246, -2330, 2317, -2115, 2726, -2140, 2565, 2868
    66 00000100 090000BDF7FFFFA60A-
    67 00000100 0000A4F7FFFF050A00-
    68 00000100 00340B0000         
    69 00000120 60F6FFFF630B000006-     dd -2464, 2915, -2810, 2465, -2544, 2264, -2612, 2656
    70 00000120 F5FFFFA109000010F6-
    71 00000120 FFFFD8080000CCF5FF-
    72 00000120 FF600A0000         
    73 00000140 90080000F7F4FFFF64-     dd 2192, -2825, 2916, -2312, 2725, -2517, 2498, 3672
    74 00000140 0B0000F8F6FFFFA50A-
    75 00000140 00002BF6FFFFC20900-
    76 00000140 00580E0000         
    77 00000160 55F6FFFFF207000051-     dd -2475, 2034, -2223, 2883, -2172, 2350, -2415, 2335
    78 00000160 F7FFFF430B000084F7-
    79 00000160 FFFF2E09000091F6FF-
    80 00000160 FF1F090000         
    81 00000180 4C080000BAF7FFFF99-     dd 2124, -2118, 2713, 2025
    82 00000180 0A0000E9070000     
    83 00000190 64000000               length dd 100
    84                                 
    85 00000194 00000000               listMin dd 0
    86 00000198 00000000               listEstMed dd 0
    87 0000019C 00000000               listMax dd 0
    88 000001A0 00000000               listSum dd 0
    89 000001A4 00000000               listAve dd 0
    90                                 
    91 000001A8 00000000               negCnt dd 0
    92 000001AC 00000000               negSum dd 0
    93 000001B0 00000000               negAve dd 0
    94                                 
    95 000001B4 00000000               twelveCnt dd 0
    96 000001B8 00000000               twelveSum dd 0
    97 000001BC 00000000               twelveAve dd 0
    98                                 
    99                                 
   100                                 [section .text]
   101                                 [global _start]
   102                                 _start:
   103                                 
   104                                 
   105                                 
   106                                 
   107 00000000 890425[00000000]       mov dword [listMin], eax
   108 00000007 890425[00000000]       mov dword [listMax], eax
   109                                 
   110 0000000E 8B0C25[00000000]       mov ecx, dword [length]
   111 00000015 48C7C600000000         mov rsi, 0
   112                                 
   113                                 sumLoop:
   114                                 
   115 0000001C 8B04B5[00000000]       mov eax, dword [list+(rsi*4)]
   116 00000023 010425[00000000]       add dword [listSum], eax
   117 0000002A 48FFC6                 inc rsi
   118 0000002D E2EB                   loop sumLoop
   119                                 
   120                                 
   121 0000002F 8B0C25[00000000]       mov ecx, dword [length]
   122 00000036 48C7C600000000         mov rsi, 0
   123                                 
   124                                 
   125                                 
   126                                 
   127                                 wasLess:
   128 0000003D 8B04B5[00000000]       mov eax, dword [list+(rsi*4)]
   129 00000044 3B0425[00000000]       cmp eax, dword [listMin]
   130 0000004B 7C00                   jl ifLess
   131 0000004D EB05                   jmp ifMore
   132                                 ifLess:
   133 0000004F 890425[00000000]       mov dword [listMin], eax
   134                                 ifMore:
   135 00000056 48FFC6                 inc rsi
   136 00000059 E2E0                   loop wasLess
   137                                 
   138                                 
   139 0000005B 8B0C25[00000000]       mov ecx, dword [length]
   140 00000062 48C7C600000000         mov rsi, 0
   141                                 
   142                                 
   143                                 
   144                                 
   145                                 wasGreater:
   146 00000069 8B04B5[00000000]       mov eax, dword [list+(rsi*4)]
   147 00000070 3B0425[00000000]       cmp eax, dword [listMax]
   148 00000077 7F00                   jg ifGreater
   149 00000079 EB05                   jmp ifLeast
   150                                 ifGreater:
   151 0000007B 890425[00000000]       mov dword [listMax], eax
   152                                 ifLeast:
   153 00000082 48FFC6                 inc rsi
   154 00000085 E2E0                   loop wasGreater
   155                                 
   156                                 
   157 00000087 48C7C600000000         mov rsi, 0
   158                                 
   159                                 
   160                                 
   161                                 
   162                                 
   163 0000008E 448B0425[00000000]     mov r8d, dword [list]
   164                                 
   165 00000096 8B3425[00000000]       mov esi, dword [length]
   166 0000009D 83EE01                 sub esi, 1
   167 000000A0 67448B2CB5[00000000]     mov r13d, dword [list+(esi)*4]
   168                                 
   169                                 
   170 000000A9 BA00000000             mov edx, 0
   171 000000AE 89F0                   mov eax, esi
   172 000000B0 41B902000000           mov r9d, 2
   173 000000B6 41F7F1                 div r9d
   174                                 
   175                                 
   176 000000B9 67448B1485[00000000]     mov r10d, dword [list+(eax)*4]
   177 000000C2 67448B1C85[04000000]     mov r11d, dword [list+(eax)*4+4]
   178                                 
   179 000000CB 41BC00000000           mov r12d, 0
   180                                 
   181 000000D1 4501C4                 add r12d, r8d
   182                                 
   183 000000D4 4501EC                 add r12d, r13d
   184                                 
   185 000000D7 4501D4                 add r12d, r10d
   186                                 
   187 000000DA 4501DC                 add r12d, r11d
   188                                 
   189 000000DD 48C7C200000000         mov rdx, 0
   190 000000E4 4489E0                 mov eax, r12d
   191 000000E7 BB04000000             mov ebx, 4
   192 000000EC 99                     cdq
   193 000000ED F7FB                   idiv ebx
   194                                 
   195 000000EF 890425[00000000]       mov dword [listEstMed], eax
   196                                 
   197                                 
   198                                 
   199                                 
   200                                 
   201 000000F6 8B0425[00000000]       mov eax, dword [listSum]
   202 000000FD 8B1C25[00000000]       mov ebx, dword [length]
   203 00000104 99                     cdq
   204 00000105 F7FB                   idiv ebx
   205 00000107 890425[00000000]       mov dword [listAve], eax
   206                                 
   207                                 
   208                                 
   209                                 
   210                                 
   211 0000010E 8B0C25[00000000]       mov ecx, dword [length]
   212 00000115 48C7C600000000         mov rsi, 0
   213                                 
   214                                 
   215                                 lessZero:
   216 0000011C 8B04B5[00000000]       mov eax, dword [list+(rsi*4)]
   217 00000123 83F800                 cmp eax, 0
   218 00000126 7C00                   jl addNeg
   219 00000128 EB0C                   jmp done
   220                                 addNeg:
   221 0000012A 010425[00000000]       add dword [negSum], eax
   222 00000131 FF0425[00000000]       inc dword [negCnt]
   223                                 done:
   224 00000138 48FFC6                 inc rsi
   225 0000013B E2DD                   loop lessZero
   226                                 
   227                                 
   228 0000013D 8B0425[00000000]       mov eax, dword [negSum]
   229 00000144 99                     cdq
   230 00000145 F73C25[00000000]       idiv dword [negCnt]
   231 0000014C 890425[00000000]       mov dword [negAve], eax
   232                                 
   233                                 
   234                                 
   235 00000153 8B0C25[00000000]       mov ecx, dword [length]
   236 0000015A BE00000000             mov esi, 0
   237                                 
   238                                 twelve:
   239 0000015F 678B04B5[00000000]     mov eax, dword [list+(esi*4)]
   240                                 
   241 00000167 99                     cdq
   242 00000168 BB0C000000             mov ebx, 12
   243 0000016D F7FB                   idiv ebx
   244 0000016F 83FA00                 cmp edx, 0
   245                                 
   246 00000172 7514                   jne notTwelve
   247                                 
   248                                 
   249 00000174 FF0425[00000000]       inc dword [twelveCnt]
   250 0000017B 678B1CB5[00000000]     mov ebx, dword [list+(esi*4)]
   251 00000183 011C25[00000000]       add dword [twelveSum], ebx
   252                                 
   253                                 notTwelve:
   254 0000018A FFC6                   inc esi
   255 0000018C 3B3425[00000000]       cmp esi, dword [length]
   256 00000193 75C8                   jne twelve
   257                                 
   258                                 
   259 00000195 8B0425[00000000]       mov eax, dword [twelveSum]
   260 0000019C 99                     cdq
   261 0000019D F73C25[00000000]       idiv dword[twelveCnt]
   262 000001A4 890425[00000000]       mov dword [twelveAve], eax
   263                                 
   264                                 
   265                                 
   266                                 last:
   267 000001AB 48C7C03C000000          mov rax, SYS_exit
   268 000001B2 48C7C700000000          mov rdi, EXIT_SUCCESS
   269 000001B9 0F05                    syscall
