     1                                 %line 1+1 ast07.asm
     2                                 
     3                                 
     4                                 
     5                                 
     6                                 
     7                                 
     8                                 
     9                                 
    10                                 
    11                                 
    12                                 
    13                                 
    14                                 
    15                                 
    16                                 
    17                                 
    18                                 
    19                                 
    20                                 
    21                                 
    22                                 
    23                                 
    24                                 
    25                                 
    26                                 
    27                                 
    28                                 
    29                                 
    30                                 
    31                                 
    32                                 
    33                                 %line 74+1 ast07.asm
    34                                 
    35                                 
    36                                 
    37                                 
    38                                 
    39                                 
    40                                 
    41                                 
    42                                 
    43                                 
    44                                 %line 112+1 ast07.asm
    45                                 
    46                                 
    47                                 
    48                                 [section .data]
    49                                 
    50                                 
    51                                 
    52                                 
    53                                 TRUE equ 1
    54                                 FALSE equ 0
    55                                 
    56                                 EXIT_SUCCESS equ 0
    57                                 
    58                                 STDIN equ 0
    59                                 STDOUT equ 1
    60                                 STDERR equ 2
    61                                 
    62                                 SYS_read equ 0
    63                                 SYS_write equ 1
    64                                 SYS_open equ 2
    65                                 SYS_close equ 3
    66                                 SYS_fork equ 57
    67                                 SYS_exit equ 60
    68                                 SYS_creat equ 85
    69                                 SYS_time equ 201
    70                                 
    71                                 LF equ 10
    72                                 NULL equ 0
    73                                 ESC equ 27
    74                                 
    75                                 
    76                                 
    77                                 MAX_STR_LENGTH equ 15
    78                                 
    79                                 
    80                                 
    81                                 
    82 00000000 9300000063040000C5-    array dd 147, 1123, 2245, 4440, 165
    83 00000000 08000058110000A500-
    84 00000000 0000               
    85 00000014 BBFFFFFF82FFFFFF3B-     dd -69, -126, 571, 147, -228
    86 00000014 020000930000001CFF-
    87 00000014 FFFF               
    88 00000028 1B0000005A000000B1-     dd 27, 90, 177, -75, 14
    89 00000028 000000B5FFFFFF0E00-
    90 00000028 0000               
    91 0000003C B5000000E7FFFFFF0F-     dd 181, -25, 15, -22, 1217
    92 0000003C 000000EAFFFFFFC104-
    93 0000003C 0000               
    94 00000050 81FFFFFF400000008C-     dd -127, 64, 140, 172, 24
    95 00000050 000000AC0000001800-
    96 00000050 0000               
    97 00000064 710800007AFFFFFF97-     dd 2161, -134, 151, -32, -12
    98 00000064 000000E0FFFFFFF4FF-
    99 00000064 FFFF               
   100 00000078 59040000D004000062-     dd 1113, 1232, 2146, 3376, 5120
   101 00000078 080000300D00000014-
   102 00000078 0000               
   103 0000008C 340900005C0C000005-     dd 2356, 3164, 34565, -3155, 23157
   104 0000008C 870000ADF3FFFF755A-
   105 0000008C 0000               
   106 000000A0 E903000080000000DF-     dd 1001, 128, -33, 105, 8327
   107 000000A0 FFFFFF690000008720-
   108 000000A0 0000               
   109 000000B4 9BFFFFFF730000006C-     dd -101, 115, 108, 1233, 2115
   110 000000B4 000000D10400004308-
   111 000000B4 0000               
   112 000000C8 CB040000CA04000009-     dd 1227, 1226, 5129, 117, -107
   113 000000C8 1400007500000095FF-
   114 000000C8 FFFF               
   115 000000DC 6900000093FFFFFFDA-     dd 105, -109, 730, 150, 3414
   116 000000DC 02000096000000560D-
   117 000000DC 0000               
   118 000000F0 53040000D717000023-     dd 1107, 6103, -1245, 6440, 465
   119 000000F0 FBFFFF28190000D101-
   120 000000F0 0000               
   121 00000104 F9F6FFFFFE000000B0-     dd -2311, 254, 4528, 913, -6722
   122 00000104 11000091030000BEE5-
   123 00000104 FFFF               
   124 00000118 7D0400004E08000027-     dd 1149, 2126, 5671, -4647, 4628
   125 00000118 160000D9EDFFFF1412-
   126 00000118 0000               
   127 0000012C B9FEFFFF56090000B1-     dd -327, 2390, 177, 8275, 5614
   128 0000012C 00000053200000EE15-
   129 0000012C 0000               
   130 00000140 310C00009F01000067-     dd 3121, 415, 615, 22, 7217
   131 00000140 02000016000000311C-
   132 00000140 0000               
   133 00000154 C504000022000000F9-     dd 1221, 34, -6151, -432, -114
   134 00000154 E7FFFF50FEFFFF8EFF-
   135 00000154 FFFF               
   136 00000168 8BFDFFFF720000000A-     dd -629, 114, 522, 2413, -131
   137 00000168 0200006D0900007DFF-
   138 00000168 FFFF               
   139 0000017C 0716000082FFFFFFC2-     dd 5639, -126, -62, -41, 127
   140 0000017C FFFFFFD7FFFFFF7F00-
   141 0000017C 0000               
   142 00000190 350800008500000085-     dd 2101, 133, 133, 50, 4532
   143 00000190 00000032000000B411-
   144 00000190 0000               
   145 000001A4 C30400002C0C0000C2-     dd 1219, 3116, -62, -17, 127
   146 000001A4 FFFFFFEFFFFFFF7F00-
   147 000001A4 0000               
   148 000001B8 831A0000D91100004F-     dd 6787, 4569, 79, 5675, -14
   149 000001B8 0000002B160000F2FF-
   150 000001B8 FFFF               
   151 000001CC C91E0000802000008B-     dd 7881, 8320, 3467, 4559, 1190
   152 000001CC 0D0000CF110000A604-
   153 000001CC 0000               
   154 000001E0 46FFFFFF860000009B-     dd -186, 134, -1125, 5675, 3476
   155 000001E0 FBFFFF2B160000940D-
   156 000001E0 0000               
   157 000001F4 59080000410800006F-     dd 2137, 2113, 1647, 114, 15
   158 000001F4 060000720000000F00-
   159 000001F4 0000               
   160 00000208 AB190000C81D000080-     dd 6571, 7624, 128, -113, -3112
   161 00000208 0000008FFFFFFFD8F3-
   162 00000208 FFFF               
   163 0000021C 6104000040010000BC-     dd 1121, 320, 4540, 5679, 1190
   164 0000021C 1100002F160000A604-
   165 0000021C 0000               
   166 00000230 A52300008CFFFFFF40-     dd 9125, -116, -192, 117, -127
   167 00000230 FFFFFF7500000081FF-
   168 00000230 FFFF               
   169 00000244 2D160000650000008F-     dd 5677, 101, 3727, -125, 3184
   170 00000244 0E000083FFFFFF700C-
   171 00000244 0000               
   172 00000258 B0FBFFFF7C00000090-     dd -1104, 124, -112, 143, 176
   173 00000258 FFFFFF8F000000B000-
   174 00000258 0000               
   175 0000026C 6E1D0000B2F7FFFFE0-     dd 7534, -2126, 6112, -156, 1103
   176 0000026C 17000064FFFFFF4F04-
   177 0000026C 0000               
   178 00000280 671A0000B61800007B-     dd 6759, 6326, 2171, 147, 5628
   179 00000280 08000093000000FC15-
   180 00000280 0000               
   181 00000294 671D0000911D000097-     dd 7527, 7569, -3177, 6785, -3514
   182 00000294 F3FFFF811A000046F2-
   183 00000294 FFFF               
   184 000002A8 7CFBFFFF5CFFFFFF45-     dd -1156, -164, 4165, -155, 5156
   185 000002A8 10000065FFFFFF2414-
   186 000002A8 0000               
   187 000002BC 02160000661D000055-     dd 5634, 7526, 3413, 7686, 7563
   188 000002BC 0D0000061E00008B1D-
   189 000002BC 0000               
   190 000002D0 630800008FFFFFFF71-     dd 2147, -113, -143, 140, -165
   191 000002D0 FFFFFF8C0000005BFF-
   192 000002D0 FFFF               
   193 000002E4 59160000EF150000D8-     dd 5721, 5615, 4568, 7813, 1231
   194 000002E4 110000851E0000CF04-
   195 000002E4 0000               
   196 000002F8 69EAFFFFDC180000B6-     dd -5527, 6364, -330, -172, -24
   197 000002F8 FEFFFF54FFFFFFE8FF-
   198 000002F8 FFFF               
   199 0000030C 651D0000F01500001E-     dd 7525, 5616, 5662, 6328, 2342
   200 0000030C 160000B81800002609-
   201 0000030C 0000               
   202                                 
   203 00000320 C8000000               length dd 200
   204                                 
   205 00000324 00000000               minimum dd 0
   206 00000328 00000000               median dd 0
   207 0000032C 00000000               maximum dd 0
   208 00000330 00000000               sum dd 0
   209 00000334 00000000               average dd 0
   210                                 
   211                                 
   212                                 
   213 00000338 00                     swapped db 0
   214 00000339 00000000               i dd 0
   215 0000033D 00000000               gap dd 0
   216 00000341 0A000000               m10 dd 10
   217 00000345 0C000000               d12 dd 12
   218                                 
   219                                 
   220                                 
   221 00000349 0A00                   newLine db LF, NULL
   222                                 
   223 0000034B 0A2D2D2D2D2D2D2D2D-    hdr db LF, "---------------------------"
   224 0000034B 2D2D2D2D2D2D2D2D2D-
   225 0000034B 2D2D2D2D2D2D2D2D2D-
   226 0000034B 2D                 
   227 00000367 2D2D2D2D2D2D2D2D2D-     db "---------------------------"
   228 00000367 2D2D2D2D2D2D2D2D2D-
   229 00000367 2D2D2D2D2D2D2D2D2D 
   230 00000382 0A1B5B316D43532032-     db LF, ESC, "[1m", "CS 218 - Assignment #7", ESC, "[0m"
   231 00000382 3138202D2041737369-
   232 00000382 676E6D656E74202337-
   233 00000382 1B5B306D           
   234 000003A1 0A436F6D6220536F72-     db LF, "Comb Sort", LF, LF, NULL
   235 000003A1 740A0A00           
   236                                 
   237 000003AE 4D696E696D756D3A20-    hdrMin db "Minimum:  ", NULL
   238 000003AE 2000               
   239 000003B9 4D6178696D756D3A20-    hdrMax db "Maximum:  ", NULL
   240 000003B9 2000               
   241 000003C4 4D656469616E3A2020-    hdrMed db "Median:   ", NULL
   242 000003C4 2000               
   243 000003CF 53756D3A2020202020-    hdrSum db "Sum:      ", NULL
   244 000003CF 2000               
   245 000003DA 417665726167653A20-    hdrAve db "Average:  ", NULL
   246 000003DA 2000               
   247                                 
   248                                 
   249                                 
   250                                 [section .bss]
   251                                 
   252 00000000 <gap>                  tempString resb MAX_STR_LENGTH
   253                                 
   254                                 
   255                                 
   256                                 [section .text]
   257                                 [global _start]
   258                                 _start:
   259                                 
   260                                 
   261                                 
   262                                 
   263                                 
   264 00000000 8B0425[00000000]       mov eax, dword [length]
   265 00000007 890425[00000000]       mov dword [gap], eax
   266                                 
   267 0000000E C60425[00000000]01     mov byte [swapped], TRUE
   268                                 
   269                                 
   270                                 outerLoop:
   271 00000016 833C25[00000000]01     cmp dword [gap], 1
   272 0000001E 7F0C                   jg outerLoopOk
   273                                 
   274 00000020 803C25[00000000]01     cmp byte [swapped], TRUE
   275 00000028 0F85A1000000           jne outerLoopDone
   276                                 
   277                                 outerLoopOk:
   278                                 
   279 0000002E 8B0425[00000000]       mov eax, dword [gap]
   280 00000035 0FAF0425[00000000]     imul eax, dword [m10]
   281 0000003D BA00000000             mov edx, 0
   282 00000042 99                     cdq
   283 00000043 8B0C25[00000000]       mov ecx, dword [d12]
   284 0000004A F7F9                   idiv ecx
   285 0000004C 890425[00000000]       mov dword [gap], eax
   286                                 
   287                                 
   288 00000053 83F801                 cmp eax, 1
   289 00000056 7C00                   jl gapAgain
   290                                 
   291 00000058 EB09                   jmp outerLoopContinued
   292                                 
   293                                 gapAgain:
   294                                 
   295 0000005A C70425[00000000]01-     mov dword [gap], 1
   296 0000005A 000000             
   297                                 
   298                                 outerLoopContinued:
   299                                 
   300 00000065 C70425[00000000]00-    mov dword [i], 0
   301 00000065 000000             
   302                                 
   303 00000070 C60425[00000000]00     mov byte [swapped], FALSE
   304                                 
   305                                 
   306                                 innerLoop:
   307 00000078 48C7C600000000          mov rsi, 0
   308 0000007F 8B3425[00000000]        mov esi, dword [i]
   309                                 
   310 00000086 48C7C700000000          mov rdi, 0
   311 0000008D 8B3C25[00000000]        mov edi, dword [gap]
   312 00000094 01F7                    add edi, esi
   313                                 
   314 00000096 3B3C25[00000000]        cmp edi, dword [length]
   315 0000009D 7D2F                    jge innerLoopDone
   316                                 
   317 0000009F 8B04B5[00000000]        mov eax, dword [array + rsi * 4]
   318 000000A6 8B1CBD[00000000]        mov ebx, dword [array + rdi * 4]
   319                                 
   320                                 
   321                                 
   322 000000AD 39D8                    cmp eax, ebx
   323                                 
   324 000000AF 7E14                    jle dontSwap
   325                                 
   326 000000B1 891CB5[00000000]        mov dword [array + rsi * 4], ebx
   327 000000B8 8904BD[00000000]        mov dword [array + rdi * 4], eax
   328                                 
   329 000000BF C60425[00000000]01      mov byte [swapped], TRUE
   330                                 
   331                                  dontSwap:
   332 000000C7 FF0425[00000000]        inc dword [i]
   333 000000CE EBA6                   jmp innerLoop
   334                                  innerLoopDone:
   335 000000D0 E93CFFFFFF             jmp outerLoop
   336                                 outerLoopDone:
   337                                 
   338                                 
   339                                 
   340                                 
   341                                 
   342                                 
   343                                 
   344                                 
   345 000000D5 8B0C25[00000000]       mov ecx, dword [length]
   346 000000DC 48C7C600000000         mov rsi, 0
   347                                 
   348 000000E3 8B0425[00000000]       mov eax, dword [array]
   349 000000EA 890425[00000000]       mov dword [minimum], eax
   350 000000F1 890425[00000000]       mov dword [maximum], eax
   351 000000F8 C70425[00000000]00-    mov dword [sum], 0
   352 000000F8 000000             
   353                                 
   354                                 statsLoop:
   355 00000103 8B04B5[00000000]       mov eax, dword [array + rsi * 4]
   356 0000010A 010425[00000000]       add dword [sum], eax
   357                                 
   358 00000111 3B0425[00000000]       cmp eax, dword [minimum]
   359 00000118 7D05                   jge notNewLaMin
   360                                 
   361 0000011A 890425[00000000]       mov dword [minimum], eax
   362                                 
   363                                 notNewLaMin:
   364 00000121 3B0425[00000000]       cmp eax, dword [maximum]
   365 00000128 7E05                   jle notNewLaMax
   366                                 
   367 0000012A 890425[00000000]       mov dword [maximum], eax
   368                                 
   369                                 notNewLaMax:
   370 00000131 48FFC6                 inc rsi
   371 00000134 E2CB                   loop statsLoop
   372                                 
   373                                 
   374 00000136 8B0425[00000000]       mov eax, dword [sum]
   375 0000013D 99                     cdq
   376 0000013E F73C25[00000000]       idiv dword [length]
   377 00000145 890425[00000000]       mov dword [average], eax
   378                                 
   379                                 
   380                                 
   381                                 
   382 0000014C 8B0425[8C010000]       mov eax, dword [array + 99 * 4]
   383 00000153 8B1C25[90010000]       mov ebx, dword [array + 100 * 4]
   384                                 
   385 0000015A 01D8                   add eax, ebx
   386 0000015C 99                     cdq
   387 0000015D B902000000             mov ecx, 2
   388 00000162 F7F9                   idiv ecx
   389 00000164 890425[00000000]       mov dword [median], eax
   390                                 
   391                                 
   392                                 
   393 0000016B 50                      push rax
   394                                 %line 363+0 ast07.asm
   395 0000016C 57                      push rdi
   396 0000016D 56                      push rsi
   397 0000016E 52                      push rdx
   398 0000016F 51                      push rcx
   399                                 
   400 00000170 48C7C200000000          mov rdx, 0
   401 00000177 48C7C7[00000000]        mov rdi, hdr
   402                                 ..@4.countLoop:
   403 0000017E 803F00                  cmp byte [rdi], NULL
   404 00000181 7406                    je ..@4.countLoopDone
   405 00000183 48FFC7                  inc rdi
   406 00000186 48FFC2                  inc rdx
   407 00000189 EBF1                    jmp ..@4.countLoop
   408                                 ..@4.countLoopDone:
   409                                 
   410 0000018B 48C7C001000000          mov rax, SYS_write
   411 00000192 48C7C701000000          mov rdi, STDOUT
   412 00000199 48C7C6[00000000]        mov rsi, hdr
   413 000001A0 0F05                    syscall
   414                                 
   415 000001A2 59                      pop rcx
   416 000001A3 5A                      pop rdx
   417 000001A4 5E                      pop rsi
   418 000001A5 5F                      pop rdi
   419 000001A6 58                      pop rax
   420                                 %line 364+1 ast07.asm
   421                                 
   422 000001A7 50                      push rax
   423                                 %line 365+0 ast07.asm
   424 000001A8 57                      push rdi
   425 000001A9 56                      push rsi
   426 000001AA 52                      push rdx
   427 000001AB 51                      push rcx
   428                                 
   429 000001AC 48C7C200000000          mov rdx, 0
   430 000001B3 48C7C7[00000000]        mov rdi, hdrMin
   431                                 ..@5.countLoop:
   432 000001BA 803F00                  cmp byte [rdi], NULL
   433 000001BD 7406                    je ..@5.countLoopDone
   434 000001BF 48FFC7                  inc rdi
   435 000001C2 48FFC2                  inc rdx
   436 000001C5 EBF1                    jmp ..@5.countLoop
   437                                 ..@5.countLoopDone:
   438                                 
   439 000001C7 48C7C001000000          mov rax, SYS_write
   440 000001CE 48C7C701000000          mov rdi, STDOUT
   441 000001D5 48C7C6[00000000]        mov rsi, hdrMin
   442 000001DC 0F05                    syscall
   443                                 
   444 000001DE 59                      pop rcx
   445 000001DF 5A                      pop rdx
   446 000001E0 5E                      pop rsi
   447 000001E1 5F                      pop rdi
   448 000001E2 58                      pop rax
   449                                 %line 366+1 ast07.asm
   450 000001E3 B800000000              mov eax, 0
   451                                 %line 366+0 ast07.asm
   452 000001E8 8B0425[00000000]        mov eax, dword [minimum]
   453 000001EF 48C7C600000000          mov rsi, 0
   454                                 
   455 000001F6 48C7C7[0F000000]        mov rdi, tempString + (MAX_STR_LENGTH)
   456 000001FD 48FFCF                  dec rdi
   457 00000200 C60700                  mov byte [rdi], 0
   458                                 
   459                                 
   460 00000203 83F800                  cmp eax, 0
   461 00000206 7D07                    jge ..@6.notNegative
   462 00000208 BB00000000              mov ebx, 0
   463 0000020D 29C3                    sub ebx, eax
   464 0000020F 89D8                    mov eax, ebx
   465                                 
   466                                 ..@6.notNegative:
   467                                  ..@6.repeat:
   468 00000211 BA00000000              mov edx, 0
   469 00000216 B909000000              mov ecx, 9
   470 0000021B F7F1                    div ecx
   471 0000021D 80C230                  add dl, '0'
   472 00000220 48FFCF                  dec rdi
   473 00000223 8817                    mov [rdi], dl
   474 00000225 83F800                  cmp eax, 0
   475 00000228 75E5                    jne ..@6.repeat
   476 0000022A 833C25[00000000]00      cmp dword [minimum], 0
   477 00000232 7C00                    jl ..@6.addNegative
   478 00000234 EB04                    jmp ..@6.rightJustify
   479                                 
   480                                  ..@6.addNegative
   481 00000236 48FFCF                  dec rdi
   482 00000239 C6072D                  mov byte [rdi], '-'
   483                                 
   484                                  ..@6.rightJustify:
   485 0000023C 4881FF[00000000]        cmp rdi, tempString
   486 00000243 7406                    je ..@6.done
   487 00000245 48FFCF                  dec rdi
   488 00000248 C60720                  mov byte[rdi], ' '
   489 0000024B EBED                    jmp ..@6.rightJustify
   490                                  ..@6.done:
   491                                 %line 367+1 ast07.asm
   492 0000024D 50                      push rax
   493                                 %line 367+0 ast07.asm
   494 0000024E 57                      push rdi
   495 0000024F 56                      push rsi
   496 00000250 52                      push rdx
   497 00000251 51                      push rcx
   498                                 
   499 00000252 48C7C200000000          mov rdx, 0
   500 00000259 48C7C7[00000000]        mov rdi, tempString
   501                                 ..@7.countLoop:
   502 00000260 803F00                  cmp byte [rdi], NULL
   503 00000263 7406                    je ..@7.countLoopDone
   504 00000265 48FFC7                  inc rdi
   505 00000268 48FFC2                  inc rdx
   506 0000026B EBF1                    jmp ..@7.countLoop
   507                                 ..@7.countLoopDone:
   508                                 
   509 0000026D 48C7C001000000          mov rax, SYS_write
   510 00000274 48C7C701000000          mov rdi, STDOUT
   511 0000027B 48C7C6[00000000]        mov rsi, tempString
   512 00000282 0F05                    syscall
   513                                 
   514 00000284 59                      pop rcx
   515 00000285 5A                      pop rdx
   516 00000286 5E                      pop rsi
   517 00000287 5F                      pop rdi
   518 00000288 58                      pop rax
   519                                 %line 368+1 ast07.asm
   520 00000289 50                      push rax
   521                                 %line 368+0 ast07.asm
   522 0000028A 57                      push rdi
   523 0000028B 56                      push rsi
   524 0000028C 52                      push rdx
   525 0000028D 51                      push rcx
   526                                 
   527 0000028E 48C7C200000000          mov rdx, 0
   528 00000295 48C7C7[00000000]        mov rdi, newLine
   529                                 ..@8.countLoop:
   530 0000029C 803F00                  cmp byte [rdi], NULL
   531 0000029F 7406                    je ..@8.countLoopDone
   532 000002A1 48FFC7                  inc rdi
   533 000002A4 48FFC2                  inc rdx
   534 000002A7 EBF1                    jmp ..@8.countLoop
   535                                 ..@8.countLoopDone:
   536                                 
   537 000002A9 48C7C001000000          mov rax, SYS_write
   538 000002B0 48C7C701000000          mov rdi, STDOUT
   539 000002B7 48C7C6[00000000]        mov rsi, newLine
   540 000002BE 0F05                    syscall
   541                                 
   542 000002C0 59                      pop rcx
   543 000002C1 5A                      pop rdx
   544 000002C2 5E                      pop rsi
   545 000002C3 5F                      pop rdi
   546 000002C4 58                      pop rax
   547                                 %line 369+1 ast07.asm
   548                                 
   549 000002C5 50                      push rax
   550                                 %line 370+0 ast07.asm
   551 000002C6 57                      push rdi
   552 000002C7 56                      push rsi
   553 000002C8 52                      push rdx
   554 000002C9 51                      push rcx
   555                                 
   556 000002CA 48C7C200000000          mov rdx, 0
   557 000002D1 48C7C7[00000000]        mov rdi, hdrMax
   558                                 ..@9.countLoop:
   559 000002D8 803F00                  cmp byte [rdi], NULL
   560 000002DB 7406                    je ..@9.countLoopDone
   561 000002DD 48FFC7                  inc rdi
   562 000002E0 48FFC2                  inc rdx
   563 000002E3 EBF1                    jmp ..@9.countLoop
   564                                 ..@9.countLoopDone:
   565                                 
   566 000002E5 48C7C001000000          mov rax, SYS_write
   567 000002EC 48C7C701000000          mov rdi, STDOUT
   568 000002F3 48C7C6[00000000]        mov rsi, hdrMax
   569 000002FA 0F05                    syscall
   570                                 
   571 000002FC 59                      pop rcx
   572 000002FD 5A                      pop rdx
   573 000002FE 5E                      pop rsi
   574 000002FF 5F                      pop rdi
   575 00000300 58                      pop rax
   576                                 %line 371+1 ast07.asm
   577 00000301 B800000000              mov eax, 0
   578                                 %line 371+0 ast07.asm
   579 00000306 8B0425[00000000]        mov eax, dword [maximum]
   580 0000030D 48C7C600000000          mov rsi, 0
   581                                 
   582 00000314 48C7C7[0F000000]        mov rdi, tempString + (MAX_STR_LENGTH)
   583 0000031B 48FFCF                  dec rdi
   584 0000031E C60700                  mov byte [rdi], 0
   585                                 
   586                                 
   587 00000321 83F800                  cmp eax, 0
   588 00000324 7D07                    jge ..@10.notNegative
   589 00000326 BB00000000              mov ebx, 0
   590 0000032B 29C3                    sub ebx, eax
   591 0000032D 89D8                    mov eax, ebx
   592                                 
   593                                 ..@10.notNegative:
   594                                  ..@10.repeat:
   595 0000032F BA00000000              mov edx, 0
   596 00000334 B909000000              mov ecx, 9
   597 00000339 F7F1                    div ecx
   598 0000033B 80C230                  add dl, '0'
   599 0000033E 48FFCF                  dec rdi
   600 00000341 8817                    mov [rdi], dl
   601 00000343 83F800                  cmp eax, 0
   602 00000346 75E5                    jne ..@10.repeat
   603 00000348 833C25[00000000]00      cmp dword [maximum], 0
   604 00000350 7C00                    jl ..@10.addNegative
   605 00000352 EB04                    jmp ..@10.rightJustify
   606                                 
   607                                  ..@10.addNegative
   608 00000354 48FFCF                  dec rdi
   609 00000357 C6072D                  mov byte [rdi], '-'
   610                                 
   611                                  ..@10.rightJustify:
   612 0000035A 4881FF[00000000]        cmp rdi, tempString
   613 00000361 7406                    je ..@10.done
   614 00000363 48FFCF                  dec rdi
   615 00000366 C60720                  mov byte[rdi], ' '
   616 00000369 EBED                    jmp ..@10.rightJustify
   617                                  ..@10.done:
   618                                 %line 372+1 ast07.asm
   619 0000036B 50                      push rax
   620                                 %line 372+0 ast07.asm
   621 0000036C 57                      push rdi
   622 0000036D 56                      push rsi
   623 0000036E 52                      push rdx
   624 0000036F 51                      push rcx
   625                                 
   626 00000370 48C7C200000000          mov rdx, 0
   627 00000377 48C7C7[00000000]        mov rdi, tempString
   628                                 ..@11.countLoop:
   629 0000037E 803F00                  cmp byte [rdi], NULL
   630 00000381 7406                    je ..@11.countLoopDone
   631 00000383 48FFC7                  inc rdi
   632 00000386 48FFC2                  inc rdx
   633 00000389 EBF1                    jmp ..@11.countLoop
   634                                 ..@11.countLoopDone:
   635                                 
   636 0000038B 48C7C001000000          mov rax, SYS_write
   637 00000392 48C7C701000000          mov rdi, STDOUT
   638 00000399 48C7C6[00000000]        mov rsi, tempString
   639 000003A0 0F05                    syscall
   640                                 
   641 000003A2 59                      pop rcx
   642 000003A3 5A                      pop rdx
   643 000003A4 5E                      pop rsi
   644 000003A5 5F                      pop rdi
   645 000003A6 58                      pop rax
   646                                 %line 373+1 ast07.asm
   647 000003A7 50                      push rax
   648                                 %line 373+0 ast07.asm
   649 000003A8 57                      push rdi
   650 000003A9 56                      push rsi
   651 000003AA 52                      push rdx
   652 000003AB 51                      push rcx
   653                                 
   654 000003AC 48C7C200000000          mov rdx, 0
   655 000003B3 48C7C7[00000000]        mov rdi, newLine
   656                                 ..@12.countLoop:
   657 000003BA 803F00                  cmp byte [rdi], NULL
   658 000003BD 7406                    je ..@12.countLoopDone
   659 000003BF 48FFC7                  inc rdi
   660 000003C2 48FFC2                  inc rdx
   661 000003C5 EBF1                    jmp ..@12.countLoop
   662                                 ..@12.countLoopDone:
   663                                 
   664 000003C7 48C7C001000000          mov rax, SYS_write
   665 000003CE 48C7C701000000          mov rdi, STDOUT
   666 000003D5 48C7C6[00000000]        mov rsi, newLine
   667 000003DC 0F05                    syscall
   668                                 
   669 000003DE 59                      pop rcx
   670 000003DF 5A                      pop rdx
   671 000003E0 5E                      pop rsi
   672 000003E1 5F                      pop rdi
   673 000003E2 58                      pop rax
   674                                 %line 374+1 ast07.asm
   675                                 
   676 000003E3 50                      push rax
   677                                 %line 375+0 ast07.asm
   678 000003E4 57                      push rdi
   679 000003E5 56                      push rsi
   680 000003E6 52                      push rdx
   681 000003E7 51                      push rcx
   682                                 
   683 000003E8 48C7C200000000          mov rdx, 0
   684 000003EF 48C7C7[00000000]        mov rdi, hdrMed
   685                                 ..@13.countLoop:
   686 000003F6 803F00                  cmp byte [rdi], NULL
   687 000003F9 7406                    je ..@13.countLoopDone
   688 000003FB 48FFC7                  inc rdi
   689 000003FE 48FFC2                  inc rdx
   690 00000401 EBF1                    jmp ..@13.countLoop
   691                                 ..@13.countLoopDone:
   692                                 
   693 00000403 48C7C001000000          mov rax, SYS_write
   694 0000040A 48C7C701000000          mov rdi, STDOUT
   695 00000411 48C7C6[00000000]        mov rsi, hdrMed
   696 00000418 0F05                    syscall
   697                                 
   698 0000041A 59                      pop rcx
   699 0000041B 5A                      pop rdx
   700 0000041C 5E                      pop rsi
   701 0000041D 5F                      pop rdi
   702 0000041E 58                      pop rax
   703                                 %line 376+1 ast07.asm
   704 0000041F B800000000              mov eax, 0
   705                                 %line 376+0 ast07.asm
   706 00000424 8B0425[00000000]        mov eax, dword [median]
   707 0000042B 48C7C600000000          mov rsi, 0
   708                                 
   709 00000432 48C7C7[0F000000]        mov rdi, tempString + (MAX_STR_LENGTH)
   710 00000439 48FFCF                  dec rdi
   711 0000043C C60700                  mov byte [rdi], 0
   712                                 
   713                                 
   714 0000043F 83F800                  cmp eax, 0
   715 00000442 7D07                    jge ..@14.notNegative
   716 00000444 BB00000000              mov ebx, 0
   717 00000449 29C3                    sub ebx, eax
   718 0000044B 89D8                    mov eax, ebx
   719                                 
   720                                 ..@14.notNegative:
   721                                  ..@14.repeat:
   722 0000044D BA00000000              mov edx, 0
   723 00000452 B909000000              mov ecx, 9
   724 00000457 F7F1                    div ecx
   725 00000459 80C230                  add dl, '0'
   726 0000045C 48FFCF                  dec rdi
   727 0000045F 8817                    mov [rdi], dl
   728 00000461 83F800                  cmp eax, 0
   729 00000464 75E5                    jne ..@14.repeat
   730 00000466 833C25[00000000]00      cmp dword [median], 0
   731 0000046E 7C00                    jl ..@14.addNegative
   732 00000470 EB04                    jmp ..@14.rightJustify
   733                                 
   734                                  ..@14.addNegative
   735 00000472 48FFCF                  dec rdi
   736 00000475 C6072D                  mov byte [rdi], '-'
   737                                 
   738                                  ..@14.rightJustify:
   739 00000478 4881FF[00000000]        cmp rdi, tempString
   740 0000047F 7406                    je ..@14.done
   741 00000481 48FFCF                  dec rdi
   742 00000484 C60720                  mov byte[rdi], ' '
   743 00000487 EBED                    jmp ..@14.rightJustify
   744                                  ..@14.done:
   745                                 %line 377+1 ast07.asm
   746 00000489 50                      push rax
   747                                 %line 377+0 ast07.asm
   748 0000048A 57                      push rdi
   749 0000048B 56                      push rsi
   750 0000048C 52                      push rdx
   751 0000048D 51                      push rcx
   752                                 
   753 0000048E 48C7C200000000          mov rdx, 0
   754 00000495 48C7C7[00000000]        mov rdi, tempString
   755                                 ..@15.countLoop:
   756 0000049C 803F00                  cmp byte [rdi], NULL
   757 0000049F 7406                    je ..@15.countLoopDone
   758 000004A1 48FFC7                  inc rdi
   759 000004A4 48FFC2                  inc rdx
   760 000004A7 EBF1                    jmp ..@15.countLoop
   761                                 ..@15.countLoopDone:
   762                                 
   763 000004A9 48C7C001000000          mov rax, SYS_write
   764 000004B0 48C7C701000000          mov rdi, STDOUT
   765 000004B7 48C7C6[00000000]        mov rsi, tempString
   766 000004BE 0F05                    syscall
   767                                 
   768 000004C0 59                      pop rcx
   769 000004C1 5A                      pop rdx
   770 000004C2 5E                      pop rsi
   771 000004C3 5F                      pop rdi
   772 000004C4 58                      pop rax
   773                                 %line 378+1 ast07.asm
   774 000004C5 50                      push rax
   775                                 %line 378+0 ast07.asm
   776 000004C6 57                      push rdi
   777 000004C7 56                      push rsi
   778 000004C8 52                      push rdx
   779 000004C9 51                      push rcx
   780                                 
   781 000004CA 48C7C200000000          mov rdx, 0
   782 000004D1 48C7C7[00000000]        mov rdi, newLine
   783                                 ..@16.countLoop:
   784 000004D8 803F00                  cmp byte [rdi], NULL
   785 000004DB 7406                    je ..@16.countLoopDone
   786 000004DD 48FFC7                  inc rdi
   787 000004E0 48FFC2                  inc rdx
   788 000004E3 EBF1                    jmp ..@16.countLoop
   789                                 ..@16.countLoopDone:
   790                                 
   791 000004E5 48C7C001000000          mov rax, SYS_write
   792 000004EC 48C7C701000000          mov rdi, STDOUT
   793 000004F3 48C7C6[00000000]        mov rsi, newLine
   794 000004FA 0F05                    syscall
   795                                 
   796 000004FC 59                      pop rcx
   797 000004FD 5A                      pop rdx
   798 000004FE 5E                      pop rsi
   799 000004FF 5F                      pop rdi
   800 00000500 58                      pop rax
   801                                 %line 379+1 ast07.asm
   802                                 
   803 00000501 50                      push rax
   804                                 %line 380+0 ast07.asm
   805 00000502 57                      push rdi
   806 00000503 56                      push rsi
   807 00000504 52                      push rdx
   808 00000505 51                      push rcx
   809                                 
   810 00000506 48C7C200000000          mov rdx, 0
   811 0000050D 48C7C7[00000000]        mov rdi, hdrSum
   812                                 ..@17.countLoop:
   813 00000514 803F00                  cmp byte [rdi], NULL
   814 00000517 7406                    je ..@17.countLoopDone
   815 00000519 48FFC7                  inc rdi
   816 0000051C 48FFC2                  inc rdx
   817 0000051F EBF1                    jmp ..@17.countLoop
   818                                 ..@17.countLoopDone:
   819                                 
   820 00000521 48C7C001000000          mov rax, SYS_write
   821 00000528 48C7C701000000          mov rdi, STDOUT
   822 0000052F 48C7C6[00000000]        mov rsi, hdrSum
   823 00000536 0F05                    syscall
   824                                 
   825 00000538 59                      pop rcx
   826 00000539 5A                      pop rdx
   827 0000053A 5E                      pop rsi
   828 0000053B 5F                      pop rdi
   829 0000053C 58                      pop rax
   830                                 %line 381+1 ast07.asm
   831 0000053D B800000000              mov eax, 0
   832                                 %line 381+0 ast07.asm
   833 00000542 8B0425[00000000]        mov eax, dword [sum]
   834 00000549 48C7C600000000          mov rsi, 0
   835                                 
   836 00000550 48C7C7[0F000000]        mov rdi, tempString + (MAX_STR_LENGTH)
   837 00000557 48FFCF                  dec rdi
   838 0000055A C60700                  mov byte [rdi], 0
   839                                 
   840                                 
   841 0000055D 83F800                  cmp eax, 0
   842 00000560 7D07                    jge ..@18.notNegative
   843 00000562 BB00000000              mov ebx, 0
   844 00000567 29C3                    sub ebx, eax
   845 00000569 89D8                    mov eax, ebx
   846                                 
   847                                 ..@18.notNegative:
   848                                  ..@18.repeat:
   849 0000056B BA00000000              mov edx, 0
   850 00000570 B909000000              mov ecx, 9
   851 00000575 F7F1                    div ecx
   852 00000577 80C230                  add dl, '0'
   853 0000057A 48FFCF                  dec rdi
   854 0000057D 8817                    mov [rdi], dl
   855 0000057F 83F800                  cmp eax, 0
   856 00000582 75E5                    jne ..@18.repeat
   857 00000584 833C25[00000000]00      cmp dword [sum], 0
   858 0000058C 7C00                    jl ..@18.addNegative
   859 0000058E EB04                    jmp ..@18.rightJustify
   860                                 
   861                                  ..@18.addNegative
   862 00000590 48FFCF                  dec rdi
   863 00000593 C6072D                  mov byte [rdi], '-'
   864                                 
   865                                  ..@18.rightJustify:
   866 00000596 4881FF[00000000]        cmp rdi, tempString
   867 0000059D 7406                    je ..@18.done
   868 0000059F 48FFCF                  dec rdi
   869 000005A2 C60720                  mov byte[rdi], ' '
   870 000005A5 EBED                    jmp ..@18.rightJustify
   871                                  ..@18.done:
   872                                 %line 382+1 ast07.asm
   873 000005A7 50                      push rax
   874                                 %line 382+0 ast07.asm
   875 000005A8 57                      push rdi
   876 000005A9 56                      push rsi
   877 000005AA 52                      push rdx
   878 000005AB 51                      push rcx
   879                                 
   880 000005AC 48C7C200000000          mov rdx, 0
   881 000005B3 48C7C7[00000000]        mov rdi, tempString
   882                                 ..@19.countLoop:
   883 000005BA 803F00                  cmp byte [rdi], NULL
   884 000005BD 7406                    je ..@19.countLoopDone
   885 000005BF 48FFC7                  inc rdi
   886 000005C2 48FFC2                  inc rdx
   887 000005C5 EBF1                    jmp ..@19.countLoop
   888                                 ..@19.countLoopDone:
   889                                 
   890 000005C7 48C7C001000000          mov rax, SYS_write
   891 000005CE 48C7C701000000          mov rdi, STDOUT
   892 000005D5 48C7C6[00000000]        mov rsi, tempString
   893 000005DC 0F05                    syscall
   894                                 
   895 000005DE 59                      pop rcx
   896 000005DF 5A                      pop rdx
   897 000005E0 5E                      pop rsi
   898 000005E1 5F                      pop rdi
   899 000005E2 58                      pop rax
   900                                 %line 383+1 ast07.asm
   901 000005E3 50                      push rax
   902                                 %line 383+0 ast07.asm
   903 000005E4 57                      push rdi
   904 000005E5 56                      push rsi
   905 000005E6 52                      push rdx
   906 000005E7 51                      push rcx
   907                                 
   908 000005E8 48C7C200000000          mov rdx, 0
   909 000005EF 48C7C7[00000000]        mov rdi, newLine
   910                                 ..@20.countLoop:
   911 000005F6 803F00                  cmp byte [rdi], NULL
   912 000005F9 7406                    je ..@20.countLoopDone
   913 000005FB 48FFC7                  inc rdi
   914 000005FE 48FFC2                  inc rdx
   915 00000601 EBF1                    jmp ..@20.countLoop
   916                                 ..@20.countLoopDone:
   917                                 
   918 00000603 48C7C001000000          mov rax, SYS_write
   919 0000060A 48C7C701000000          mov rdi, STDOUT
   920 00000611 48C7C6[00000000]        mov rsi, newLine
   921 00000618 0F05                    syscall
   922                                 
   923 0000061A 59                      pop rcx
   924 0000061B 5A                      pop rdx
   925 0000061C 5E                      pop rsi
   926 0000061D 5F                      pop rdi
   927 0000061E 58                      pop rax
   928                                 %line 384+1 ast07.asm
   929                                 
   930 0000061F 50                      push rax
   931                                 %line 385+0 ast07.asm
   932 00000620 57                      push rdi
   933 00000621 56                      push rsi
   934 00000622 52                      push rdx
   935 00000623 51                      push rcx
   936                                 
   937 00000624 48C7C200000000          mov rdx, 0
   938 0000062B 48C7C7[00000000]        mov rdi, hdrAve
   939                                 ..@21.countLoop:
   940 00000632 803F00                  cmp byte [rdi], NULL
   941 00000635 7406                    je ..@21.countLoopDone
   942 00000637 48FFC7                  inc rdi
   943 0000063A 48FFC2                  inc rdx
   944 0000063D EBF1                    jmp ..@21.countLoop
   945                                 ..@21.countLoopDone:
   946                                 
   947 0000063F 48C7C001000000          mov rax, SYS_write
   948 00000646 48C7C701000000          mov rdi, STDOUT
   949 0000064D 48C7C6[00000000]        mov rsi, hdrAve
   950 00000654 0F05                    syscall
   951                                 
   952 00000656 59                      pop rcx
   953 00000657 5A                      pop rdx
   954 00000658 5E                      pop rsi
   955 00000659 5F                      pop rdi
   956 0000065A 58                      pop rax
   957                                 %line 386+1 ast07.asm
   958 0000065B B800000000              mov eax, 0
   959                                 %line 386+0 ast07.asm
   960 00000660 8B0425[00000000]        mov eax, dword [average]
   961 00000667 48C7C600000000          mov rsi, 0
   962                                 
   963 0000066E 48C7C7[0F000000]        mov rdi, tempString + (MAX_STR_LENGTH)
   964 00000675 48FFCF                  dec rdi
   965 00000678 C60700                  mov byte [rdi], 0
   966                                 
   967                                 
   968 0000067B 83F800                  cmp eax, 0
   969 0000067E 7D07                    jge ..@22.notNegative
   970 00000680 BB00000000              mov ebx, 0
   971 00000685 29C3                    sub ebx, eax
   972 00000687 89D8                    mov eax, ebx
   973                                 
   974                                 ..@22.notNegative:
   975                                  ..@22.repeat:
   976 00000689 BA00000000              mov edx, 0
   977 0000068E B909000000              mov ecx, 9
   978 00000693 F7F1                    div ecx
   979 00000695 80C230                  add dl, '0'
   980 00000698 48FFCF                  dec rdi
   981 0000069B 8817                    mov [rdi], dl
   982 0000069D 83F800                  cmp eax, 0
   983 000006A0 75E5                    jne ..@22.repeat
   984 000006A2 833C25[00000000]00      cmp dword [average], 0
   985 000006AA 7C00                    jl ..@22.addNegative
   986 000006AC EB04                    jmp ..@22.rightJustify
   987                                 
   988                                  ..@22.addNegative
   989 000006AE 48FFCF                  dec rdi
   990 000006B1 C6072D                  mov byte [rdi], '-'
   991                                 
   992                                  ..@22.rightJustify:
   993 000006B4 4881FF[00000000]        cmp rdi, tempString
   994 000006BB 7406                    je ..@22.done
   995 000006BD 48FFCF                  dec rdi
   996 000006C0 C60720                  mov byte[rdi], ' '
   997 000006C3 EBED                    jmp ..@22.rightJustify
   998                                  ..@22.done:
   999                                 %line 387+1 ast07.asm
  1000 000006C5 50                      push rax
  1001                                 %line 387+0 ast07.asm
  1002 000006C6 57                      push rdi
  1003 000006C7 56                      push rsi
  1004 000006C8 52                      push rdx
  1005 000006C9 51                      push rcx
  1006                                 
  1007 000006CA 48C7C200000000          mov rdx, 0
  1008 000006D1 48C7C7[00000000]        mov rdi, tempString
  1009                                 ..@23.countLoop:
  1010 000006D8 803F00                  cmp byte [rdi], NULL
  1011 000006DB 7406                    je ..@23.countLoopDone
  1012 000006DD 48FFC7                  inc rdi
  1013 000006E0 48FFC2                  inc rdx
  1014 000006E3 EBF1                    jmp ..@23.countLoop
  1015                                 ..@23.countLoopDone:
  1016                                 
  1017 000006E5 48C7C001000000          mov rax, SYS_write
  1018 000006EC 48C7C701000000          mov rdi, STDOUT
  1019 000006F3 48C7C6[00000000]        mov rsi, tempString
  1020 000006FA 0F05                    syscall
  1021                                 
  1022 000006FC 59                      pop rcx
  1023 000006FD 5A                      pop rdx
  1024 000006FE 5E                      pop rsi
  1025 000006FF 5F                      pop rdi
  1026 00000700 58                      pop rax
  1027                                 %line 388+1 ast07.asm
  1028 00000701 50                      push rax
  1029                                 %line 388+0 ast07.asm
  1030 00000702 57                      push rdi
  1031 00000703 56                      push rsi
  1032 00000704 52                      push rdx
  1033 00000705 51                      push rcx
  1034                                 
  1035 00000706 48C7C200000000          mov rdx, 0
  1036 0000070D 48C7C7[00000000]        mov rdi, newLine
  1037                                 ..@24.countLoop:
  1038 00000714 803F00                  cmp byte [rdi], NULL
  1039 00000717 7406                    je ..@24.countLoopDone
  1040 00000719 48FFC7                  inc rdi
  1041 0000071C 48FFC2                  inc rdx
  1042 0000071F EBF1                    jmp ..@24.countLoop
  1043                                 ..@24.countLoopDone:
  1044                                 
  1045 00000721 48C7C001000000          mov rax, SYS_write
  1046 00000728 48C7C701000000          mov rdi, STDOUT
  1047 0000072F 48C7C6[00000000]        mov rsi, newLine
  1048 00000736 0F05                    syscall
  1049                                 
  1050 00000738 59                      pop rcx
  1051 00000739 5A                      pop rdx
  1052 0000073A 5E                      pop rsi
  1053 0000073B 5F                      pop rdi
  1054 0000073C 58                      pop rax
  1055                                 %line 389+1 ast07.asm
  1056 0000073D 50                      push rax
  1057                                 %line 389+0 ast07.asm
  1058 0000073E 57                      push rdi
  1059 0000073F 56                      push rsi
  1060 00000740 52                      push rdx
  1061 00000741 51                      push rcx
  1062                                 
  1063 00000742 48C7C200000000          mov rdx, 0
  1064 00000749 48C7C7[00000000]        mov rdi, newLine
  1065                                 ..@25.countLoop:
  1066 00000750 803F00                  cmp byte [rdi], NULL
  1067 00000753 7406                    je ..@25.countLoopDone
  1068 00000755 48FFC7                  inc rdi
  1069 00000758 48FFC2                  inc rdx
  1070 0000075B EBF1                    jmp ..@25.countLoop
  1071                                 ..@25.countLoopDone:
  1072                                 
  1073 0000075D 48C7C001000000          mov rax, SYS_write
  1074 00000764 48C7C701000000          mov rdi, STDOUT
  1075 0000076B 48C7C6[00000000]        mov rsi, newLine
  1076 00000772 0F05                    syscall
  1077                                 
  1078 00000774 59                      pop rcx
  1079 00000775 5A                      pop rdx
  1080 00000776 5E                      pop rsi
  1081 00000777 5F                      pop rdi
  1082 00000778 58                      pop rax
  1083                                 %line 390+1 ast07.asm
  1084                                 
  1085                                 
  1086                                 
  1087                                 
  1088                                 
  1089                                 last:
  1090 00000779 48C7C03C000000          mov rax, SYS_exit
  1091 00000780 48C7C700000000          mov rdi, EXIT_SUCCESS
  1092 00000787 0F05                    syscall
  1093                                 
