     1                                 %line 1+1 ast06.asm
     2                                 
     3                                 
     4                                 
     5                                 
     6                                 
     7                                 
     8                                 
     9                                 
    10                                 
    11                                 
    12                                 
    13                                 
    14                                 
    15                                 
    16                                 
    17                                 
    18                                 
    19                                 
    20                                 
    21                                 
    22                                 
    23                                 
    24                                 
    25                                 
    26                                 
    27                                 
    28                                 
    29                                 
    30                                 
    31                                 
    32                                 
    33                                 
    34                                 
    35                                 
    36                                 
    37                                 
    38                                 
    39                                 
    40                                 %line 90+1 ast06.asm
    41                                 
    42                                 
    43                                 
    44                                 
    45                                 
    46                                 
    47                                 
    48                                 
    49                                 
    50                                 
    51                                 
    52                                 
    53                                 
    54                                 
    55                                 
    56                                 
    57                                 
    58                                 
    59                                 
    60                                 
    61                                 
    62                                 
    63                                 
    64                                 
    65                                 
    66                                 
    67                                 
    68                                 %line 144+1 ast06.asm
    69                                 
    70                                 
    71                                 
    72                                 
    73                                 
    74                                 
    75                                 
    76                                 
    77                                 
    78                                 
    79                                 
    80                                 
    81                                 %line 184+1 ast06.asm
    82                                 
    83                                 
    84                                 
    85                                 
    86                                 [section .data]
    87                                 
    88                                 
    89                                 
    90                                 
    91                                 TRUE equ 1
    92                                 FALSE equ 0
    93                                 
    94                                 EXIT_SUCCESS equ 0
    95                                 NOSUCCESS equ 1
    96                                 
    97                                 STDIN equ 0
    98                                 STDOUT equ 1
    99                                 STDERR equ 2
   100                                 
   101                                 SYS_read equ 0
   102                                 SYS_write equ 1
   103                                 SYS_open equ 2
   104                                 SYS_close equ 3
   105                                 SYS_fork equ 57
   106                                 SYS_exit equ 60
   107                                 SYS_creat equ 85
   108                                 SYS_time equ 201
   109                                 
   110                                 LF equ 10
   111                                 SPACE equ " "
   112                                 NULL equ 0
   113                                 ESC equ 27
   114                                 
   115                                 NUMS_PER_LINE equ 5
   116                                 
   117                                 
   118                                 
   119                                 
   120                                 
   121                                 STR_LENGTH equ 15
   122                                 
   123 00000000 202020202020202020-    edgeLengths db "            23", NULL, "            37", NULL
   124 00000000 202020323300202020-
   125 00000000 202020202020202020-
   126 00000000 333700             
   127 0000001E 202020202020202020-     db "            45", NULL, "            61", NULL
   128 0000001E 202020343500202020-
   129 0000001E 202020202020202020-
   130 0000001E 363100             
   131 0000003C 202020202020202020-     db "            55", NULL, "            78", NULL
   132 0000003C 202020353500202020-
   133 0000003C 202020202020202020-
   134 0000003C 373800             
   135 0000005A 202020202020202020-     db "           123", NULL, "           137", NULL
   136 0000005A 202031323300202020-
   137 0000005A 202020202020202031-
   138 0000005A 333700             
   139 00000078 202020202020202020-     db "           144", NULL, "           151", NULL
   140 00000078 202031343400202020-
   141 00000078 202020202020202031-
   142 00000078 353100             
   143 00000096 202020202020202020-     db "           180", NULL, "           217", NULL
   144 00000096 202031383000202020-
   145 00000096 202020202020202032-
   146 00000096 313700             
   147 000000B4 202020202020202020-     db "           234", NULL, "           240", NULL
   148 000000B4 202032333400202020-
   149 000000B4 202020202020202032-
   150 000000B4 343000             
   151 000000D2 202020202020202020-     db "           267", NULL, "           281", NULL
   152 000000D2 202032363700202020-
   153 000000D2 202020202020202032-
   154 000000D2 383100             
   155 000000F0 202020202020202020-     db "           302", NULL, "           322", NULL
   156 000000F0 202033303200202020-
   157 000000F0 202020202020202033-
   158 000000F0 323200             
   159 0000010E 202020202020202020-     db "           312", NULL, "           327", NULL
   160 0000010E 202033313200202020-
   161 0000010E 202020202020202033-
   162 0000010E 323700             
   163 0000012C 202020202020202020-     db "           342", NULL, "           362", NULL
   164 0000012C 202033343200202020-
   165 0000012C 202020202020202033-
   166 0000012C 363200             
   167 0000014A 202020202020202020-     db "           372", NULL, "           381", NULL
   168 0000014A 202033373200202020-
   169 0000014A 202020202020202033-
   170 0000014A 383100             
   171 00000168 202020202020202020-     db "           400", NULL, "           411", NULL
   172 00000168 202034303000202020-
   173 00000168 202020202020202034-
   174 00000168 313100             
   175 00000186 202020202020202020-     db "           427", NULL, "           431", NULL
   176 00000186 202034323700202020-
   177 00000186 202020202020202034-
   178 00000186 333100             
   179 000001A4 202020202020202020-     db "           445", NULL, "           450", NULL
   180 000001A4 202034343500202020-
   181 000001A4 202020202020202034-
   182 000001A4 353000             
   183 000001C2 202020202020202020-     db "           462", NULL, "           477", NULL
   184 000001C2 202034363200202020-
   185 000001C2 202020202020202034-
   186 000001C2 373700             
   187 000001E0 202020202020202020-     db "           512", NULL, "           523", NULL
   188 000001E0 202035313200202020-
   189 000001E0 202020202020202035-
   190 000001E0 323300             
   191 000001FE 202020202020202020-     db "           532", NULL, "           548", NULL
   192 000001FE 202035333200202020-
   193 000001FE 202020202020202035-
   194 000001FE 343800             
   195 0000021C 202020202020202020-     db "           615", NULL, "           627", NULL
   196 0000021C 202036313500202020-
   197 0000021C 202020202020202036-
   198 0000021C 323700             
   199 0000023A 202020202020202020-     db "           632", NULL, "           648", NULL
   200 0000023A 202036333200202020-
   201 0000023A 202020202020202036-
   202 0000023A 343800             
   203 00000258 202020202020202020-     db "           652", NULL, "           678", NULL
   204 00000258 202036353200202020-
   205 00000258 202020202020202036-
   206 00000258 373800             
   207 00000276 202020202020202020-     db "           711", NULL, "           728", NULL
   208 00000276 202037313100202020-
   209 00000276 202020202020202037-
   210 00000276 323800             
   211 00000294 202020202020202020-     db "           737", NULL, "           748", NULL
   212 00000294 202037333700202020-
   213 00000294 202020202020202037-
   214 00000294 343800             
   215 000002B2 202020202020202020-     db "           777", NULL, "           827", NULL
   216 000002B2 202037373700202020-
   217 000002B2 202020202020202038-
   218 000002B2 323700             
   219 000002D0 202020202020202020-     db "           850", NULL, "           888", NULL
   220 000002D0 202038353000202020-
   221 000002D0 202020202020202038-
   222 000002D0 383800             
   223                                 
   224 000002EE 202020202020202020-    aNonaryLength db "            55", NULL
   225 000002EE 202020353500       
   226 000002FD 00000000               length dd 0
   227                                 
   228 00000301 00000000               cubeSum dd 0
   229 00000305 00000000               cubeAve dd 0
   230 00000309 00000000               cubeMin dd 0
   231 0000030D 00000000               cubeMax dd 0
   232                                 
   233                                 
   234                                 
   235                                 
   236                                 
   237 00000311 2D2D2D2D2D2D2D2D2D-    hdr db "-----------------------------------------------------"
   238 00000311 2D2D2D2D2D2D2D2D2D-
   239 00000311 2D2D2D2D2D2D2D2D2D-
   240 00000311 2D2D2D2D2D2D2D2D2D-
   241 00000311 2D2D2D2D2D2D2D2D2D-
   242 00000311 2D2D2D2D2D2D2D2D   
   243 00000346 0A1B5B316D43532032-     db LF, ESC, "[1m", "CS 218 - Assignment #6", ESC, "[0m", LF
   244 00000346 3138202D2041737369-
   245 00000346 676E6D656E74202336-
   246 00000346 1B5B306D0A         
   247 00000366 437562652043616C63-     db "Cube Calculations", LF, LF
   248 00000366 756C6174696F6E730A-
   249 00000366 0A                 
   250 00000379 4375626520566F6C75-     db "Cube Volumes:", LF, NULL
   251 00000379 6D65733A0A00       
   252 00000388 0A437562652053756D-    shdr db LF, "Cube Sum:  ", NULL
   253 00000388 3A202000           
   254 00000395 0A4375626520417665-    avhdr db LF, "Cube Ave:  ", NULL
   255 00000395 3A202000           
   256 000003A2 0A43756265204D696E-    minhdr db LF, "Cube Min:  ", NULL
   257 000003A2 3A202000           
   258 000003AF 0A43756265204D6178-    maxhdr db LF, "Cube Max:  ", NULL
   259 000003AF 3A202000           
   260                                 
   261 000003BC 0A00                   newLine db LF, NULL
   262 000003BE 20202000               spaces db "   ", NULL
   263                                 
   264                                 
   265                                 
   266                                 
   267                                 [section .bss]
   268                                 
   269 00000000 <gap>                  tmpInteger resd 1
   270                                 
   271 00000004 <gap>                  volumes resd 50
   272 000000CC <gap>                  edgeLenInts resd 50
   273                                 
   274 00000194 <gap>                  lenString resb STR_LENGTH
   275 000001A3 <gap>                  tempString resb STR_LENGTH
   276                                 
   277 000001B2 <gap>                  cubeSumString resb STR_LENGTH
   278 000001C1 <gap>                  cubeAveString resb STR_LENGTH
   279 000001D0 <gap>                  cubeMinString resb STR_LENGTH
   280 000001DF <gap>                  cubeMaxString resb STR_LENGTH
   281                                 
   282                                 
   283                                 
   284                                 
   285                                 [section .text]
   286                                 [global _start]
   287                                 _start:
   288                                 
   289                                 
   290                                 
   291                                 
   292 00000000 50                      push rax
   293                                 %line 303+0 ast06.asm
   294 00000001 57                      push rdi
   295 00000002 56                      push rsi
   296 00000003 52                      push rdx
   297 00000004 51                      push rcx
   298                                 
   299 00000005 488D3C25[00000000]      lea rdi, [hdr]
   300 0000000D 48C7C200000000          mov rdx, 0
   301                                 ..@4.countLoop:
   302 00000014 803F00                  cmp byte [rdi], NULL
   303 00000017 7406                    je ..@4.countLoopDone
   304 00000019 48FFC7                  inc rdi
   305 0000001C 48FFC2                  inc rdx
   306 0000001F EBF1                    jmp ..@4.countLoop
   307                                 ..@4.countLoopDone:
   308                                 
   309 00000021 48C7C001000000          mov rax, SYS_write
   310 00000028 48C7C701000000          mov rdi, STDOUT
   311 0000002F 488D3425[00000000]      lea rsi, [hdr]
   312 00000037 0F05                    syscall
   313                                 
   314 00000039 59                      pop rcx
   315 0000003A 5A                      pop rdx
   316 0000003B 5E                      pop rsi
   317 0000003C 5F                      pop rdi
   318 0000003D 58                      pop rax
   319                                 %line 304+1 ast06.asm
   320                                 
   321                                 
   322                                 
   323                                 
   324                                 
   325                                 
   326                                 
   327                                 
   328                                 
   329                                 
   330                                 calcLoop:
   331                                 
   332 0000003E B800000000             mov eax, 0
   333                                 
   334 00000043 49C7C0[00000000]       mov r8, aNonaryLength
   335 0000004A 49C7C100000000         mov r9, 0
   336                                 
   337                                 skipSpaces:
   338                                 
   339 00000051 430FB60C08             movzx ecx, byte [r8 + r9]
   340 00000056 83F920                 cmp ecx, ' '
   341 00000059 7400                   je spaceFound
   342                                 
   343 0000005B EB03                   jmp nextChr
   344                                 
   345                                 spaceFound:
   346 0000005D 49FFC1                 inc r9
   347 00000060 EBED                   jmp skipSpaces
   348                                 
   349                                 
   350                                 
   351                                 nextChr:
   352                                 
   353 00000062 430FB60C08             movzx ecx, byte [r8 + r9]
   354 00000067 83F930                 cmp ecx, '0'
   355 0000006A 7216                   jb chrDone
   356                                 
   357 0000006C 83F938                 cmp ecx, '8'
   358 0000006F 7711                   ja chrDone
   359                                 
   360                                 
   361 00000071 83E930                 sub ecx, '0'
   362                                 
   363                                 
   364 00000074 41BB09000000           mov r11d, 9
   365                                 
   366 0000007A 41F7E3                 mul r11d
   367                                 
   368 0000007D 01C8                   add eax, ecx
   369                                 
   370 0000007F 49FFC1                 inc r9
   371 00000082 EBDC                   jmp nextChr
   372                                 
   373                                 chrDone:
   374 00000084 890425[00000000]       mov [length], eax
   375                                 
   376                                 
   377                                 
   378                                 
   379                                 
   380                                 
   381                                 
   382 0000008B 8B0C25[00000000]        mov ecx, dword [length]
   383 00000092 48C7C700000000          mov rdi, 0
   384 00000099 48C7C3[00000000]        mov rbx, edgeLengths
   385                                 cvtLoop:
   386 000000A0 53                      push rbx
   387 000000A1 51                      push rcx
   388 000000A2 57                      push rdi
   389                                 
   390                                 
   391                                 %line 374+0 ast06.asm
   392 000000A3 50                      push rax
   393 000000A4 56                      push rsi
   394 000000A5 53                      push rbx
   395 000000A6 51                      push rcx
   396 000000A7 4150                    push r8
   397                                 
   398                                 
   399 000000A9 48C7C000000000          mov rax, 0
   400 000000B0 4889DE                  mov rsi, rbx
   401 000000B3 48C7C300000000          mov rbx, 0
   402                                 
   403                                 ..@5.skipSpaces:
   404 000000BA 480FB60C1E              movzx rcx, byte [rsi + rbx]
   405 000000BF 4883F920                cmp rcx, ' '
   406 000000C3 7400                    je ..@5.foundSpace
   407 000000C5 EB03                    jmp ..@5.convertDigit
   408                                 
   409                                 ..@5.foundSpace:
   410 000000C7 48FFC3                  inc rbx
   411 000000CA EBEC                    jmp ..@5.skipSpaces
   412                                 
   413                                 ..@5.convertDigit:
   414 000000CC 480FB60C1E              movzx rcx, byte [rsi + rbx]
   415 000000D1 4883F930                cmp rcx, '0'
   416 000000D5 721A                    jb ..@5.conversionDone
   417                                 
   418 000000D7 4883F938                cmp rcx, '8'
   419 000000DB 7714                    ja ..@5.conversionDone
   420                                 
   421 000000DD 4883E930                sub rcx, '0'
   422                                 
   423                                 
   424 000000E1 49C7C009000000          mov r8, 9
   425 000000E8 49F7E0                  mul r8
   426 000000EB 4801C8                  add rax, rcx
   427                                 
   428 000000EE 48FFC3                  inc rbx
   429 000000F1 EBC5                    jmp ..@5.skipSpaces
   430                                 
   431                                 ..@5.conversionDone
   432 000000F3 890425[00000000]        mov dword [tmpInteger], eax
   433                                 
   434                                 
   435 000000FA 4158                    pop r8
   436 000000FC 59                      pop rcx
   437 000000FD 5B                      pop rbx
   438 000000FE 5E                      pop rsi
   439 000000FF 58                      pop rax
   440                                 %line 375+1 ast06.asm
   441 00000100 5F                      pop rdi
   442 00000101 59                      pop rcx
   443 00000102 5B                      pop rbx
   444                                 
   445 00000103 8B0425[00000000]        mov eax, dword [tmpInteger]
   446 0000010A 8904BD[00000000]        mov dword [edgeLenInts+rdi*4], eax
   447                                 
   448                                 
   449                                 
   450 00000111 8B04BD[00000000]        mov eax, dword [edgeLenInts+rdi*4]
   451 00000118 89C1                    mov ecx, eax
   452 0000011A F7E1                    mul ecx
   453 0000011C 89C1                    mov ecx, eax
   454 0000011E 8B04BD[00000000]        mov eax, dword [edgeLenInts+rdi*4]
   455 00000125 F7E1                    mul ecx
   456 00000127 8904BD[00000000]        mov dword [volumes+rdi*4], eax
   457                                 
   458 0000012E 4883C30F                add rbx, STR_LENGTH
   459 00000132 48FFC7                  inc rdi
   460 00000135 FFC9                    dec ecx
   461 00000137 83F900                  cmp ecx, 0
   462 0000013A 0F8F5AFFFFFF            jg cvtLoop
   463                                 
   464                                 
   465                                 
   466                                 
   467 00000140 8B0C25[00000000]        mov ecx, dword [length]
   468 00000147 48C7C600000000          mov rsi, 0
   469 0000014E 49C7C400000000          mov r12, 0
   470                                 printLoop:
   471 00000155 51                      push rcx
   472 00000156 56                      push rsi
   473 00000157 4154                    push r12
   474                                 
   475 00000159 B800000000              mov eax, 0
   476                                 %line 409+0 ast06.asm
   477 0000015E 8B04B5[00000000]        mov eax, dword [volumes+rsi*4]
   478 00000165 48C7C600000000          mov rsi, 0
   479                                 
   480 0000016C 48C7C7[0F000000]        mov rdi, tempString + (STR_LENGTH)
   481 00000173 48FFCF                  dec rdi
   482 00000176 C60700                  mov byte [rdi], 0
   483                                 
   484                                  ..@6.repeat:
   485 00000179 BA00000000              mov edx, 0
   486 0000017E B909000000              mov ecx, 9
   487 00000183 F7F1                    div ecx
   488 00000185 80C230                  add dl, '0'
   489 00000188 48FFCF                  dec rdi
   490 0000018B 8817                    mov [rdi], dl
   491 0000018D 83F800                  cmp eax, 0
   492 00000190 75E5                    jne ..@6.repeat
   493                                 
   494                                  ..@6.rightJustify:
   495 00000192 4881FF[00000000]        cmp rdi, tempString
   496 00000199 7406                    je ..@6.done
   497 0000019B 48FFCF                  dec rdi
   498 0000019E C60720                  mov byte[rdi], ' '
   499 000001A1 EBED                    jmp ..@6.rightJustify
   500                                  ..@6.done:
   501                                 %line 410+1 ast06.asm
   502 000001A3 50                      push rax
   503                                 %line 410+0 ast06.asm
   504 000001A4 57                      push rdi
   505 000001A5 56                      push rsi
   506 000001A6 52                      push rdx
   507 000001A7 51                      push rcx
   508                                 
   509 000001A8 488D3C25[00000000]      lea rdi, [tempString]
   510 000001B0 48C7C200000000          mov rdx, 0
   511                                 ..@7.countLoop:
   512 000001B7 803F00                  cmp byte [rdi], NULL
   513 000001BA 7406                    je ..@7.countLoopDone
   514 000001BC 48FFC7                  inc rdi
   515 000001BF 48FFC2                  inc rdx
   516 000001C2 EBF1                    jmp ..@7.countLoop
   517                                 ..@7.countLoopDone:
   518                                 
   519 000001C4 48C7C001000000          mov rax, SYS_write
   520 000001CB 48C7C701000000          mov rdi, STDOUT
   521 000001D2 488D3425[00000000]      lea rsi, [tempString]
   522 000001DA 0F05                    syscall
   523                                 
   524 000001DC 59                      pop rcx
   525 000001DD 5A                      pop rdx
   526 000001DE 5E                      pop rsi
   527 000001DF 5F                      pop rdi
   528 000001E0 58                      pop rax
   529                                 %line 411+1 ast06.asm
   530 000001E1 50                      push rax
   531                                 %line 411+0 ast06.asm
   532 000001E2 57                      push rdi
   533 000001E3 56                      push rsi
   534 000001E4 52                      push rdx
   535 000001E5 51                      push rcx
   536                                 
   537 000001E6 488D3C25[00000000]      lea rdi, [spaces]
   538 000001EE 48C7C200000000          mov rdx, 0
   539                                 ..@8.countLoop:
   540 000001F5 803F00                  cmp byte [rdi], NULL
   541 000001F8 7406                    je ..@8.countLoopDone
   542 000001FA 48FFC7                  inc rdi
   543 000001FD 48FFC2                  inc rdx
   544 00000200 EBF1                    jmp ..@8.countLoop
   545                                 ..@8.countLoopDone:
   546                                 
   547 00000202 48C7C001000000          mov rax, SYS_write
   548 00000209 48C7C701000000          mov rdi, STDOUT
   549 00000210 488D3425[00000000]      lea rsi, [spaces]
   550 00000218 0F05                    syscall
   551                                 
   552 0000021A 59                      pop rcx
   553 0000021B 5A                      pop rdx
   554 0000021C 5E                      pop rsi
   555 0000021D 5F                      pop rdi
   556 0000021E 58                      pop rax
   557                                 %line 412+1 ast06.asm
   558                                 
   559 0000021F 415C                    pop r12
   560 00000221 5E                      pop rsi
   561 00000222 59                      pop rcx
   562                                 
   563 00000223 49FFC4                  inc r12
   564 00000226 4983FC03                cmp r12, 3
   565 0000022A 7543                    jne skipNewline
   566 0000022C 49C7C400000000          mov r12, 0
   567 00000233 50                      push rax
   568                                 %line 421+0 ast06.asm
   569 00000234 57                      push rdi
   570 00000235 56                      push rsi
   571 00000236 52                      push rdx
   572 00000237 51                      push rcx
   573                                 
   574 00000238 488D3C25[00000000]      lea rdi, [newLine]
   575 00000240 48C7C200000000          mov rdx, 0
   576                                 ..@9.countLoop:
   577 00000247 803F00                  cmp byte [rdi], NULL
   578 0000024A 7406                    je ..@9.countLoopDone
   579 0000024C 48FFC7                  inc rdi
   580 0000024F 48FFC2                  inc rdx
   581 00000252 EBF1                    jmp ..@9.countLoop
   582                                 ..@9.countLoopDone:
   583                                 
   584 00000254 48C7C001000000          mov rax, SYS_write
   585 0000025B 48C7C701000000          mov rdi, STDOUT
   586 00000262 488D3425[00000000]      lea rsi, [newLine]
   587 0000026A 0F05                    syscall
   588                                 
   589 0000026C 59                      pop rcx
   590 0000026D 5A                      pop rdx
   591 0000026E 5E                      pop rsi
   592 0000026F 5F                      pop rdi
   593 00000270 58                      pop rax
   594                                 %line 422+1 ast06.asm
   595                                 skipNewline:
   596 00000271 48FFC6                  inc rsi
   597                                 
   598 00000274 FFC9                    dec ecx
   599 00000276 83F900                  cmp ecx, 0
   600 00000279 0F85D0FEFFFF            jne printLoop
   601 0000027F 50                      push rax
   602                                 %line 428+0 ast06.asm
   603 00000280 57                      push rdi
   604 00000281 56                      push rsi
   605 00000282 52                      push rdx
   606 00000283 51                      push rcx
   607                                 
   608 00000284 488D3C25[00000000]      lea rdi, [newLine]
   609 0000028C 48C7C200000000          mov rdx, 0
   610                                 ..@10.countLoop:
   611 00000293 803F00                  cmp byte [rdi], NULL
   612 00000296 7406                    je ..@10.countLoopDone
   613 00000298 48FFC7                  inc rdi
   614 0000029B 48FFC2                  inc rdx
   615 0000029E EBF1                    jmp ..@10.countLoop
   616                                 ..@10.countLoopDone:
   617                                 
   618 000002A0 48C7C001000000          mov rax, SYS_write
   619 000002A7 48C7C701000000          mov rdi, STDOUT
   620 000002AE 488D3425[00000000]      lea rsi, [newLine]
   621 000002B6 0F05                    syscall
   622                                 
   623 000002B8 59                      pop rcx
   624 000002B9 5A                      pop rdx
   625 000002BA 5E                      pop rsi
   626 000002BB 5F                      pop rdi
   627 000002BC 58                      pop rax
   628                                 %line 429+1 ast06.asm
   629                                 
   630                                 
   631                                 
   632                                 
   633                                 
   634                                 
   635 000002BD 8B0C25[00000000]       mov ecx, dword [length]
   636 000002C4 BB00000000             mov ebx, 0
   637                                 
   638 000002C9 8B0425[00000000]       mov eax, dword [volumes]
   639 000002D0 890425[00000000]       mov dword [cubeMin], eax
   640 000002D7 890425[00000000]       mov dword [cubeMax], eax
   641 000002DE C70425[00000000]00-    mov dword [cubeSum], 0
   642 000002DE 000000             
   643                                 
   644                                 statsOne:
   645 000002E9 678B049D[00000000]     mov eax, dword [volumes+ebx*4]
   646 000002F1 010425[00000000]       add dword [cubeSum], eax
   647 000002F8 3B0425[00000000]       cmp eax, dword [cubeMin]
   648 000002FF 7305                   jae notMin
   649 00000301 890425[00000000]       mov dword [cubeMin], eax
   650                                 notMin:
   651 00000308 3B0425[00000000]       cmp eax, dword [cubeMax]
   652 0000030F 7605                   jbe notMax
   653 00000311 890425[00000000]       mov dword [cubeMax], eax
   654                                 notMax:
   655 00000318 FFC3                   inc ebx
   656 0000031A E2CB                   loop statsOne
   657                                 
   658 0000031C 8B0425[00000000]       mov eax, dword [cubeSum]
   659 00000323 BA00000000             mov edx, 0
   660 00000328 F73425[00000000]       div dword [length]
   661 0000032F 890425[00000000]       mov dword [cubeAve], eax
   662                                 
   663                                 
   664                                 
   665                                 
   666                                 
   667 00000336 50                      push rax
   668                                 %line 466+0 ast06.asm
   669 00000337 57                      push rdi
   670 00000338 56                      push rsi
   671 00000339 52                      push rdx
   672 0000033A 51                      push rcx
   673                                 
   674 0000033B 488D3C25[00000000]      lea rdi, [shdr]
   675 00000343 48C7C200000000          mov rdx, 0
   676                                 ..@11.countLoop:
   677 0000034A 803F00                  cmp byte [rdi], NULL
   678 0000034D 7406                    je ..@11.countLoopDone
   679 0000034F 48FFC7                  inc rdi
   680 00000352 48FFC2                  inc rdx
   681 00000355 EBF1                    jmp ..@11.countLoop
   682                                 ..@11.countLoopDone:
   683                                 
   684 00000357 48C7C001000000          mov rax, SYS_write
   685 0000035E 48C7C701000000          mov rdi, STDOUT
   686 00000365 488D3425[00000000]      lea rsi, [shdr]
   687 0000036D 0F05                    syscall
   688                                 
   689 0000036F 59                      pop rcx
   690 00000370 5A                      pop rdx
   691 00000371 5E                      pop rsi
   692 00000372 5F                      pop rdi
   693 00000373 58                      pop rax
   694                                 %line 467+1 ast06.asm
   695                                 
   696                                 
   697                                 
   698                                 
   699                                 
   700                                 
   701                                 
   702                                 
   703                                 
   704                                 
   705                                 
   706 00000374 8B0425[00000000]       mov eax, dword [cubeSum]
   707 0000037B 48C7C7[0E000000]       mov rdi, cubeSumString+STR_LENGTH-1
   708 00000382 C60700                 mov byte [rdi], 0
   709 00000385 48C7C601000000         mov rsi, 1
   710                                 
   711                                 convertLoop:
   712 0000038C BA00000000              mov edx, 0
   713 00000391 B909000000              mov ecx, 9
   714 00000396 F7F1                    div ecx
   715 00000398 80C230                  add dl, '0'
   716 0000039B 48FFCF                  dec rdi
   717 0000039E 8817                    mov [rdi], dl
   718 000003A0 48FFC6                  inc rsi
   719 000003A3 83F800                  cmp eax, 0
   720 000003A6 75E2                    jne convertLoop
   721                                 
   722                                 rightJustifyLoop:
   723 000003A8 4883FE0F                cmp rsi, STR_LENGTH
   724 000003AC 7409                    je finish
   725 000003AE 48FFC6                  inc rsi
   726 000003B1 48FFCF                  dec rdi
   727 000003B4 C60720                  mov byte [rdi], ' '
   728 000003B7 EBED                    jmp rightJustifyLoop
   729                                 finish:
   730                                 
   731 000003B9 50                      push rax
   732                                 %line 503+0 ast06.asm
   733 000003BA 57                      push rdi
   734 000003BB 56                      push rsi
   735 000003BC 52                      push rdx
   736 000003BD 51                      push rcx
   737                                 
   738 000003BE 488D3C25[00000000]      lea rdi, [cubeSumString]
   739 000003C6 48C7C200000000          mov rdx, 0
   740                                 ..@12.countLoop:
   741 000003CD 803F00                  cmp byte [rdi], NULL
   742 000003D0 7406                    je ..@12.countLoopDone
   743 000003D2 48FFC7                  inc rdi
   744 000003D5 48FFC2                  inc rdx
   745 000003D8 EBF1                    jmp ..@12.countLoop
   746                                 ..@12.countLoopDone:
   747                                 
   748 000003DA 48C7C001000000          mov rax, SYS_write
   749 000003E1 48C7C701000000          mov rdi, STDOUT
   750 000003E8 488D3425[00000000]      lea rsi, [cubeSumString]
   751 000003F0 0F05                    syscall
   752                                 
   753 000003F2 59                      pop rcx
   754 000003F3 5A                      pop rdx
   755 000003F4 5E                      pop rsi
   756 000003F5 5F                      pop rdi
   757 000003F6 58                      pop rax
   758                                 %line 504+1 ast06.asm
   759                                 
   760                                 
   761                                 
   762                                 
   763                                 
   764                                 
   765 000003F7 50                      push rax
   766                                 %line 510+0 ast06.asm
   767 000003F8 57                      push rdi
   768 000003F9 56                      push rsi
   769 000003FA 52                      push rdx
   770 000003FB 51                      push rcx
   771                                 
   772 000003FC 488D3C25[00000000]      lea rdi, [avhdr]
   773 00000404 48C7C200000000          mov rdx, 0
   774                                 ..@13.countLoop:
   775 0000040B 803F00                  cmp byte [rdi], NULL
   776 0000040E 7406                    je ..@13.countLoopDone
   777 00000410 48FFC7                  inc rdi
   778 00000413 48FFC2                  inc rdx
   779 00000416 EBF1                    jmp ..@13.countLoop
   780                                 ..@13.countLoopDone:
   781                                 
   782 00000418 48C7C001000000          mov rax, SYS_write
   783 0000041F 48C7C701000000          mov rdi, STDOUT
   784 00000426 488D3425[00000000]      lea rsi, [avhdr]
   785 0000042E 0F05                    syscall
   786                                 
   787 00000430 59                      pop rcx
   788 00000431 5A                      pop rdx
   789 00000432 5E                      pop rsi
   790 00000433 5F                      pop rdi
   791 00000434 58                      pop rax
   792                                 %line 511+1 ast06.asm
   793 00000435 B800000000              mov eax, 0
   794                                 %line 511+0 ast06.asm
   795 0000043A 8B0425[00000000]        mov eax, dword [cubeAve]
   796 00000441 48C7C600000000          mov rsi, 0
   797                                 
   798 00000448 48C7C7[0F000000]        mov rdi, cubeAveString + (STR_LENGTH)
   799 0000044F 48FFCF                  dec rdi
   800 00000452 C60700                  mov byte [rdi], 0
   801                                 
   802                                  ..@14.repeat:
   803 00000455 BA00000000              mov edx, 0
   804 0000045A B909000000              mov ecx, 9
   805 0000045F F7F1                    div ecx
   806 00000461 80C230                  add dl, '0'
   807 00000464 48FFCF                  dec rdi
   808 00000467 8817                    mov [rdi], dl
   809 00000469 83F800                  cmp eax, 0
   810 0000046C 75E5                    jne ..@14.repeat
   811                                 
   812                                  ..@14.rightJustify:
   813 0000046E 4881FF[00000000]        cmp rdi, cubeAveString
   814 00000475 7406                    je ..@14.done
   815 00000477 48FFCF                  dec rdi
   816 0000047A C60720                  mov byte[rdi], ' '
   817 0000047D EBED                    jmp ..@14.rightJustify
   818                                  ..@14.done:
   819                                 %line 512+1 ast06.asm
   820 0000047F 50                      push rax
   821                                 %line 512+0 ast06.asm
   822 00000480 57                      push rdi
   823 00000481 56                      push rsi
   824 00000482 52                      push rdx
   825 00000483 51                      push rcx
   826                                 
   827 00000484 488D3C25[00000000]      lea rdi, [cubeAveString]
   828 0000048C 48C7C200000000          mov rdx, 0
   829                                 ..@15.countLoop:
   830 00000493 803F00                  cmp byte [rdi], NULL
   831 00000496 7406                    je ..@15.countLoopDone
   832 00000498 48FFC7                  inc rdi
   833 0000049B 48FFC2                  inc rdx
   834 0000049E EBF1                    jmp ..@15.countLoop
   835                                 ..@15.countLoopDone:
   836                                 
   837 000004A0 48C7C001000000          mov rax, SYS_write
   838 000004A7 48C7C701000000          mov rdi, STDOUT
   839 000004AE 488D3425[00000000]      lea rsi, [cubeAveString]
   840 000004B6 0F05                    syscall
   841                                 
   842 000004B8 59                      pop rcx
   843 000004B9 5A                      pop rdx
   844 000004BA 5E                      pop rsi
   845 000004BB 5F                      pop rdi
   846 000004BC 58                      pop rax
   847                                 %line 513+1 ast06.asm
   848                                 
   849 000004BD 50                      push rax
   850                                 %line 514+0 ast06.asm
   851 000004BE 57                      push rdi
   852 000004BF 56                      push rsi
   853 000004C0 52                      push rdx
   854 000004C1 51                      push rcx
   855                                 
   856 000004C2 488D3C25[00000000]      lea rdi, [minhdr]
   857 000004CA 48C7C200000000          mov rdx, 0
   858                                 ..@16.countLoop:
   859 000004D1 803F00                  cmp byte [rdi], NULL
   860 000004D4 7406                    je ..@16.countLoopDone
   861 000004D6 48FFC7                  inc rdi
   862 000004D9 48FFC2                  inc rdx
   863 000004DC EBF1                    jmp ..@16.countLoop
   864                                 ..@16.countLoopDone:
   865                                 
   866 000004DE 48C7C001000000          mov rax, SYS_write
   867 000004E5 48C7C701000000          mov rdi, STDOUT
   868 000004EC 488D3425[00000000]      lea rsi, [minhdr]
   869 000004F4 0F05                    syscall
   870                                 
   871 000004F6 59                      pop rcx
   872 000004F7 5A                      pop rdx
   873 000004F8 5E                      pop rsi
   874 000004F9 5F                      pop rdi
   875 000004FA 58                      pop rax
   876                                 %line 515+1 ast06.asm
   877 000004FB B800000000              mov eax, 0
   878                                 %line 515+0 ast06.asm
   879 00000500 8B0425[00000000]        mov eax, dword [cubeMin]
   880 00000507 48C7C600000000          mov rsi, 0
   881                                 
   882 0000050E 48C7C7[0F000000]        mov rdi, cubeMinString + (STR_LENGTH)
   883 00000515 48FFCF                  dec rdi
   884 00000518 C60700                  mov byte [rdi], 0
   885                                 
   886                                  ..@17.repeat:
   887 0000051B BA00000000              mov edx, 0
   888 00000520 B909000000              mov ecx, 9
   889 00000525 F7F1                    div ecx
   890 00000527 80C230                  add dl, '0'
   891 0000052A 48FFCF                  dec rdi
   892 0000052D 8817                    mov [rdi], dl
   893 0000052F 83F800                  cmp eax, 0
   894 00000532 75E5                    jne ..@17.repeat
   895                                 
   896                                  ..@17.rightJustify:
   897 00000534 4881FF[00000000]        cmp rdi, cubeMinString
   898 0000053B 7406                    je ..@17.done
   899 0000053D 48FFCF                  dec rdi
   900 00000540 C60720                  mov byte[rdi], ' '
   901 00000543 EBED                    jmp ..@17.rightJustify
   902                                  ..@17.done:
   903                                 %line 516+1 ast06.asm
   904 00000545 50                      push rax
   905                                 %line 516+0 ast06.asm
   906 00000546 57                      push rdi
   907 00000547 56                      push rsi
   908 00000548 52                      push rdx
   909 00000549 51                      push rcx
   910                                 
   911 0000054A 488D3C25[00000000]      lea rdi, [cubeMinString]
   912 00000552 48C7C200000000          mov rdx, 0
   913                                 ..@18.countLoop:
   914 00000559 803F00                  cmp byte [rdi], NULL
   915 0000055C 7406                    je ..@18.countLoopDone
   916 0000055E 48FFC7                  inc rdi
   917 00000561 48FFC2                  inc rdx
   918 00000564 EBF1                    jmp ..@18.countLoop
   919                                 ..@18.countLoopDone:
   920                                 
   921 00000566 48C7C001000000          mov rax, SYS_write
   922 0000056D 48C7C701000000          mov rdi, STDOUT
   923 00000574 488D3425[00000000]      lea rsi, [cubeMinString]
   924 0000057C 0F05                    syscall
   925                                 
   926 0000057E 59                      pop rcx
   927 0000057F 5A                      pop rdx
   928 00000580 5E                      pop rsi
   929 00000581 5F                      pop rdi
   930 00000582 58                      pop rax
   931                                 %line 517+1 ast06.asm
   932                                 
   933 00000583 50                      push rax
   934                                 %line 518+0 ast06.asm
   935 00000584 57                      push rdi
   936 00000585 56                      push rsi
   937 00000586 52                      push rdx
   938 00000587 51                      push rcx
   939                                 
   940 00000588 488D3C25[00000000]      lea rdi, [maxhdr]
   941 00000590 48C7C200000000          mov rdx, 0
   942                                 ..@19.countLoop:
   943 00000597 803F00                  cmp byte [rdi], NULL
   944 0000059A 7406                    je ..@19.countLoopDone
   945 0000059C 48FFC7                  inc rdi
   946 0000059F 48FFC2                  inc rdx
   947 000005A2 EBF1                    jmp ..@19.countLoop
   948                                 ..@19.countLoopDone:
   949                                 
   950 000005A4 48C7C001000000          mov rax, SYS_write
   951 000005AB 48C7C701000000          mov rdi, STDOUT
   952 000005B2 488D3425[00000000]      lea rsi, [maxhdr]
   953 000005BA 0F05                    syscall
   954                                 
   955 000005BC 59                      pop rcx
   956 000005BD 5A                      pop rdx
   957 000005BE 5E                      pop rsi
   958 000005BF 5F                      pop rdi
   959 000005C0 58                      pop rax
   960                                 %line 519+1 ast06.asm
   961 000005C1 B800000000              mov eax, 0
   962                                 %line 519+0 ast06.asm
   963 000005C6 8B0425[00000000]        mov eax, dword [cubeMax]
   964 000005CD 48C7C600000000          mov rsi, 0
   965                                 
   966 000005D4 48C7C7[0F000000]        mov rdi, cubeMaxString + (STR_LENGTH)
   967 000005DB 48FFCF                  dec rdi
   968 000005DE C60700                  mov byte [rdi], 0
   969                                 
   970                                  ..@20.repeat:
   971 000005E1 BA00000000              mov edx, 0
   972 000005E6 B909000000              mov ecx, 9
   973 000005EB F7F1                    div ecx
   974 000005ED 80C230                  add dl, '0'
   975 000005F0 48FFCF                  dec rdi
   976 000005F3 8817                    mov [rdi], dl
   977 000005F5 83F800                  cmp eax, 0
   978 000005F8 75E5                    jne ..@20.repeat
   979                                 
   980                                  ..@20.rightJustify:
   981 000005FA 4881FF[00000000]        cmp rdi, cubeMaxString
   982 00000601 7406                    je ..@20.done
   983 00000603 48FFCF                  dec rdi
   984 00000606 C60720                  mov byte[rdi], ' '
   985 00000609 EBED                    jmp ..@20.rightJustify
   986                                  ..@20.done:
   987                                 %line 520+1 ast06.asm
   988 0000060B 50                      push rax
   989                                 %line 520+0 ast06.asm
   990 0000060C 57                      push rdi
   991 0000060D 56                      push rsi
   992 0000060E 52                      push rdx
   993 0000060F 51                      push rcx
   994                                 
   995 00000610 488D3C25[00000000]      lea rdi, [cubeMaxString]
   996 00000618 48C7C200000000          mov rdx, 0
   997                                 ..@21.countLoop:
   998 0000061F 803F00                  cmp byte [rdi], NULL
   999 00000622 7406                    je ..@21.countLoopDone
  1000 00000624 48FFC7                  inc rdi
  1001 00000627 48FFC2                  inc rdx
  1002 0000062A EBF1                    jmp ..@21.countLoop
  1003                                 ..@21.countLoopDone:
  1004                                 
  1005 0000062C 48C7C001000000          mov rax, SYS_write
  1006 00000633 48C7C701000000          mov rdi, STDOUT
  1007 0000063A 488D3425[00000000]      lea rsi, [cubeMaxString]
  1008 00000642 0F05                    syscall
  1009                                 
  1010 00000644 59                      pop rcx
  1011 00000645 5A                      pop rdx
  1012 00000646 5E                      pop rsi
  1013 00000647 5F                      pop rdi
  1014 00000648 58                      pop rax
  1015                                 %line 521+1 ast06.asm
  1016                                 
  1017 00000649 50                      push rax
  1018                                 %line 522+0 ast06.asm
  1019 0000064A 57                      push rdi
  1020 0000064B 56                      push rsi
  1021 0000064C 52                      push rdx
  1022 0000064D 51                      push rcx
  1023                                 
  1024 0000064E 488D3C25[00000000]      lea rdi, [newLine]
  1025 00000656 48C7C200000000          mov rdx, 0
  1026                                 ..@22.countLoop:
  1027 0000065D 803F00                  cmp byte [rdi], NULL
  1028 00000660 7406                    je ..@22.countLoopDone
  1029 00000662 48FFC7                  inc rdi
  1030 00000665 48FFC2                  inc rdx
  1031 00000668 EBF1                    jmp ..@22.countLoop
  1032                                 ..@22.countLoopDone:
  1033                                 
  1034 0000066A 48C7C001000000          mov rax, SYS_write
  1035 00000671 48C7C701000000          mov rdi, STDOUT
  1036 00000678 488D3425[00000000]      lea rsi, [newLine]
  1037 00000680 0F05                    syscall
  1038                                 
  1039 00000682 59                      pop rcx
  1040 00000683 5A                      pop rdx
  1041 00000684 5E                      pop rsi
  1042 00000685 5F                      pop rdi
  1043 00000686 58                      pop rax
  1044                                 %line 523+1 ast06.asm
  1045 00000687 50                      push rax
  1046                                 %line 523+0 ast06.asm
  1047 00000688 57                      push rdi
  1048 00000689 56                      push rsi
  1049 0000068A 52                      push rdx
  1050 0000068B 51                      push rcx
  1051                                 
  1052 0000068C 488D3C25[00000000]      lea rdi, [newLine]
  1053 00000694 48C7C200000000          mov rdx, 0
  1054                                 ..@23.countLoop:
  1055 0000069B 803F00                  cmp byte [rdi], NULL
  1056 0000069E 7406                    je ..@23.countLoopDone
  1057 000006A0 48FFC7                  inc rdi
  1058 000006A3 48FFC2                  inc rdx
  1059 000006A6 EBF1                    jmp ..@23.countLoop
  1060                                 ..@23.countLoopDone:
  1061                                 
  1062 000006A8 48C7C001000000          mov rax, SYS_write
  1063 000006AF 48C7C701000000          mov rdi, STDOUT
  1064 000006B6 488D3425[00000000]      lea rsi, [newLine]
  1065 000006BE 0F05                    syscall
  1066                                 
  1067 000006C0 59                      pop rcx
  1068 000006C1 5A                      pop rdx
  1069 000006C2 5E                      pop rsi
  1070 000006C3 5F                      pop rdi
  1071 000006C4 58                      pop rax
  1072                                 %line 524+1 ast06.asm
  1073                                 
  1074                                 
  1075                                 
  1076                                 
  1077                                 last:
  1078 000006C5 48C7C03C000000          mov rax, SYS_exit
  1079 000006CC 48C7C700000000          mov rdi, EXIT_SUCCESS
  1080 000006D3 0F05                    syscall
  1081                                 
