     1                                 %line 1+1 ast8procs.asm
     2                                 
     3                                 
     4                                 
     5                                 
     6                                 
     7                                 
     8                                 
     9                                 
    10                                 
    11                                 
    12                                 [section .data]
    13                                 
    14                                 
    15                                 
    16                                 
    17                                 TRUE equ 1
    18                                 FALSE equ 0
    19                                 
    20                                 
    21                                 
    22                                 
    23                                 
    24                                 
    25                                 
    26                                 
    27                                 
    28                                 
    29                                 
    30                                 
    31                                 [section .bss]
    32                                 
    33                                 
    34                                 
    35                                 
    36                                 
    37                                 
    38                                 
    39                                 
    40                                 
    41                                 [section .text]
    42                                 
    43                                 
    44                                 
    45                                 
    46                                 
    47                                 
    48                                 
    49                                 
    50                                 
    51                                 
    52                                 
    53                                 
    54                                 
    55                                 
    56                                 
    57                                 
    58                                 
    59                                 
    60                                 
    61                                 [global lstEstMedian]
    62                                 [section .text]
    63                                 
    64                                 lstEstMedian:
    65 00000000 53                      push rbx
    66 00000001 4154                    push r12
    67 00000003 4155                    push r13
    68                                 
    69 00000005 8B07                    mov eax, dword [rdi]
    70 00000007 89C3                    mov ebx, eax
    71 00000009 4889F0                  mov rax, rsi
    72 0000000C 48FFC8                  dec rax
    73 0000000F 8B0487                  mov eax, dword [rdi + rax * 4]
    74 00000012 4189C4                  mov r12d, eax
    75                                 
    76 00000015 48C7C102000000          mov rcx, 2
    77 0000001C 4889F0                  mov rax, rsi
    78 0000001F BA00000000              mov edx, 0
    79 00000024 48F7F1                  div rcx
    80                                 
    81 00000027 83FA00                  cmp edx, 0
    82 0000002A 7414                    je calculateEven
    83                                 
    84                                 calculateOdd:
    85 0000002C 448B0487                mov r8d, dword [rdi + rax * 4]
    86 00000030 4401E3                  add ebx, r12d
    87 00000033 4401C3                  add ebx, r8d
    88                                 
    89 00000036 89D8                    mov eax, ebx
    90 00000038 99                      cdq
    91 00000039 B903000000              mov ecx, 3
    92 0000003E F7F9                    idiv ecx
    93 00000040 EB1D                    jmp done
    94                                 
    95                                 calculateEven:
    96 00000042 48FFC8                  dec rax
    97 00000045 448B0487                mov r8d, dword [rdi + rax * 4]
    98 00000049 448B4C8704              mov r9d, dword [rdi + rax * 4 + 4]
    99                                 
   100 0000004E 4401E3                  add ebx, r12d
   101 00000051 4401C3                  add ebx, r8d
   102 00000054 4401CB                  add ebx, r9d
   103                                 
   104 00000057 89D8                    mov eax, ebx
   105 00000059 99                      cdq
   106 0000005A B904000000              mov ecx, 4
   107 0000005F F7F9                    idiv ecx
   108                                 
   109                                 done:
   110 00000061 415D                    pop r13
   111 00000063 415C                    pop r12
   112 00000065 5B                      pop rbx
   113 00000066 C3                      ret
   114                                 
   115                                 
   116                                 
   117                                 
   118                                 
   119                                 
   120                                 
   121                                 
   122                                 
   123                                 
   124                                 
   125                                 
   126                                 
   127                                 
   128                                 
   129                                 
   130                                 
   131                                 
   132                                 
   133                                 
   134                                 [global combSort]
   135                                 combSort:
   136                                 
   137                                 
   138                                 
   139 00000067 55                      push rbp
   140 00000068 4889E5                  mov rbp, rsp
   141 0000006B 4883EC05                sub rsp, 5
   142 0000006F 53                      push rbx
   143 00000070 4156                    push r14
   144                                 
   145                                 
   146 00000072 8975FC                  mov dword [rbp-4], esi
   147 00000075 C645FB01                mov byte [rbp-5], TRUE
   148                                 
   149                                 
   150                                 
   151                                 outerLoop:
   152 00000079 8B45FC                  mov eax, dword [rbp-4]
   153 0000007C 83F801                  cmp eax, 1
   154 0000007F 7F07                    jg outerLoopOk
   155 00000081 8A45FB                  mov al, byte [rbp-5]
   156 00000084 3C01                    cmp al, TRUE
   157 00000086 7400                    je outerLoopOk
   158 00000088 EB69                    jmp outerLoopDone
   159                                 outerLoopOk:
   160                                 
   161 0000008A 8B45FC                  mov eax, dword [rbp-4]
   162 0000008D 6BC00A                  imul eax, 10
   163 00000090 BA00000000              mov edx, 0
   164 00000095 99                      cdq
   165 00000096 B90C000000              mov ecx, 12
   166 0000009B F7F9                    idiv ecx
   167 0000009D 8945FC                  mov dword [rbp-4], eax
   168                                 
   169 000000A0 83F801                  cmp eax, 1
   170 000000A3 7C00                    jl gapAgain
   171                                 
   172 000000A5 EB05                    jmp outerLoopContinued
   173                                  gapAgain:
   174                                 
   175 000000A7 C745FC01000000          mov dword [rbp-4], 1
   176                                  outerLoopContinued:
   177                                 
   178 000000AE 49C7C600000000          mov r14, 0
   179                                 
   180 000000B5 C645FB00                mov byte [rbp-5], FALSE
   181                                 
   182                                 
   183                                  innerLoop:
   184 000000B9 49C7C000000000          mov r8, 0
   185 000000C0 4589F0                  mov r8d, r14d
   186                                 
   187 000000C3 49C7C200000000          mov r10, 0
   188 000000CA 448B55FC                mov r10d, dword [rbp-4]
   189 000000CE 4501C2                  add r10d, r8d
   190                                 
   191 000000D1 4139F2                  cmp r10d, esi
   192 000000D4 7D1B                    jge innerLoopDone
   193                                 
   194 000000D6 428B0487                mov eax, dword [rdi + r8 * 4]
   195 000000DA 428B1C97                mov ebx, dword [rdi + r10 * 4]
   196                                 
   197                                 
   198                                 
   199                                 
   200 000000DE 39D8                    cmp eax, ebx
   201                                 
   202                                 
   203 000000E0 7D0A                    jge dontSwap
   204                                 
   205 000000E2 42891C87                mov dword [rdi + r8 * 4], ebx
   206 000000E6 42890497                mov dword [rdi + r10 * 4], eax
   207                                 
   208 000000EA C645FB01                mov byte [rbp-5], TRUE
   209                                 
   210                                  dontSwap:
   211 000000EE 41FFC6                  inc r14d
   212 000000F1 EBC4                   jmp innerLoop
   213                                  innerLoopDone:
   214 000000F3 EB82                   jmp outerLoop
   215                                 outerLoopDone:
   216                                 
   217 000000F5 415E                    pop r14
   218 000000F7 5B                      pop rbx
   219 000000F8 4889EC                  mov rsp, rbp
   220 000000FB 5D                      pop rbp
   221 000000FC C3                     ret
   222                                 
   223                                 
   224                                 
   225                                 
   226                                 
   227                                 
   228                                 
   229                                 
   230                                 
   231                                 
   232                                 
   233                                 
   234                                 
   235                                 
   236                                 
   237                                 
   238                                 
   239                                 
   240                                 
   241                                 
   242                                 
   243                                 
   244                                 
   245                                 
   246                                 
   247                                 
   248                                 
   249                                 
   250                                 
   251                                 
   252                                 [global lstStats]
   253                                 lstStats:
   254 000000FD 55                      push rbp
   255 000000FE 4889E5                  mov rbp, rsp
   256                                 
   257                                 
   258 00000101 53                      push rbx
   259 00000102 4154                    push r12
   260 00000104 4155                    push r13
   261 00000106 4156                    push r14
   262                                 
   263                                 
   264 00000108 8B07                    mov eax, dword [rdi]
   265 0000010A 418901                  mov dword [r9], eax
   266                                 
   267                                 
   268 0000010D 8B44B7FC                mov eax, dword [rdi +rsi * 4 - 4]
   269 00000111 418900                  mov dword [r8], eax
   270                                 
   271                                 
   272                                 
   273                                 
   274 00000114 E84E000000              call lstSum
   275 00000119 8902                    mov dword [rdx], eax
   276                                 
   277                                 
   278                                 
   279                                 
   280 0000011B E86D000000              call lstAverage
   281 00000120 8901                    mov dword [rcx], eax
   282                                 
   283                                 
   284                                 
   285                                 
   286 00000122 E80C000000              call lstMedian
   287 00000127 4C8B6510                mov r12, qword [rbp + 16]
   288 0000012B 41890424                mov dword[r12], eax
   289                                 
   290                                 
   291 0000012F 415E                    pop r14
   292 00000131 415D                    pop r13
   293 00000133 415C                    pop r12
   294 00000135 5B                      pop rbx
   295 00000136 5D                      pop rbp
   296 00000137 C3                      ret
   297                                 
   298                                 
   299                                 
   300                                 
   301                                 
   302                                 
   303                                 
   304                                 
   305                                 
   306                                 
   307                                 
   308                                 
   309                                 
   310                                 
   311                                 
   312                                 [global lstMedian]
   313                                 lstMedian:
   314 00000138 49C7C002000000          mov r8, 2
   315 0000013F BA00000000              mov edx, 0
   316 00000144 4889F0                  mov rax, rsi
   317 00000147 49F7F0                  div r8
   318 0000014A 83FA00                  cmp edx, 0
   319 0000014D 7504                    jne handleOdd
   320 0000014F 448B1487                mov r10d, dword [rdi + rax * 4]
   321 00000153 FFC8                    dec eax
   322                                  handleOdd:
   323 00000155 448B1C87                mov r11d, dword [rdi + rax * 4]
   324 00000159 4489D8                  mov eax, r11d
   325 0000015C 83FA00                  cmp edx, 0
   326 0000015F 7508                    jne handleEven
   327 00000161 4501DA                  add r10d, r11d
   328 00000164 4489D0                  mov eax, r10d
   329 00000167 99                      cdq
   330 00000168 49F7F8                  idiv r8
   331                                  handleEven:
   332 0000016B C3                     ret
   333                                 
   334                                 
   335                                 
   336                                 
   337                                 
   338                                 
   339                                 
   340                                 
   341                                 
   342                                 
   343                                 
   344                                 
   345                                 
   346                                 
   347                                 [global lstSum]
   348                                 lstSum:
   349 0000016C 55                      push rbp
   350 0000016D 4889E5                  mov rbp, rsp
   351 00000170 4154                    push r12
   352                                 
   353 00000172 49C7C400000000          mov r12, 0
   354 00000179 48C7C000000000          mov rax, 0
   355                                 
   356                                  sumLoop:
   357 00000180 420304A7                add eax, dword [rdi + r12 * 4]
   358 00000184 49FFC4                  inc r12
   359 00000187 4939F4                  cmp r12, rsi
   360 0000018A 7CF2                    jl sumLoop
   361 0000018C 8902                    mov dword [rdx], eax
   362 0000018E 415C                    pop r12
   363 00000190 5D                      pop rbp
   364 00000191 C3                      ret
   365                                 
   366                                 
   367                                 
   368                                 
   369                                 
   370                                 
   371                                 
   372                                 
   373                                 
   374                                 
   375                                 
   376                                 
   377                                 
   378                                 
   379                                 [global lstAverage]
   380                                 lstAverage:
   381 00000192 55                      push rbp
   382 00000193 4889E5                  mov rbp, rsp
   383 00000196 57                      push rdi
   384 00000197 56                      push rsi
   385 00000198 E8CAFFFFFF              call lstSum
   386 0000019D 48C7C200000000          mov rdx, 0
   387 000001A4 99                      cdq
   388 000001A5 48F7FE                  idiv rsi
   389 000001A8 5E                      pop rsi
   390 000001A9 5F                      pop rdi
   391 000001AA 5D                      pop rbp
   392 000001AB C3                      ret
   393                                 
   394                                 
   395                                 
   396                                 
   397                                 
   398                                 
   399                                 
   400                                 
   401                                 
   402                                 
   403                                 
   404                                 
   405                                 
   406                                 
   407                                 
   408                                 
   409                                 
   410                                 
   411                                 
   412                                 
   413                                 
   414                                 [section .text]
   415                                 [global lstKurtosis]
   416                                 lstKurtosis:
   417                                 
   418 000001AC 49C7C000000000          mov r8, 0
   419 000001B3 49C7C100000000          mov r9, 0
   420                                 
   421 000001BA 49C7C200000000          mov r10, 0
   422 000001C1 49C7C300000000          mov r11, 0
   423                                 
   424 000001C8 4889D0                  mov rax, rdx
   425 000001CB 48C7C100000000          mov rcx, 0
   426                                 
   427                                 calculateLoop:
   428 000001D2 8B148F                  mov edx, dword [rdi + rcx * 4]
   429 000001D5 29C2                    sub edx, eax
   430 000001D7 0FAFD2                  imul edx, edx
   431 000001DA 4901D1                  add r9, rdx
   432                                 
   433 000001DD 480FAFD2                imul rdx, rdx
   434 000001E1 4901D0                  add r8, rdx
   435                                 
   436 000001E4 48FFC1                  inc rcx
   437 000001E7 4839F1                  cmp rcx, rsi
   438 000001EA 7CE4                    jl calculateLoop
   439                                 
   440 000001EC 4983F900                cmp r9, 0
   441 000001F0 740B                    je calcDone
   442 000001F2 4C89C0                  mov rax, r8
   443 000001F5 48C7C200000000          mov rdx, 0
   444 000001FC 49F7F1                  div r9
   445                                 
   446                                 calcDone:
   447 000001FF C3                      ret
   448                                 
