     1                                 %line 1+1 ast8main.asm
     2                                 
     3                                 
     4                                 
     5                                 
     6                                 
     7                                 
     8                                 
     9                                 
    10                                 
    11                                 
    12                                 
    13                                 
    14                                 
    15                                 
    16                                 
    17                                 
    18                                 
    19                                 
    20                                 
    21                                 
    22                                 
    23                                 
    24                                 [section .data]
    25                                 
    26                                 
    27                                 
    28                                 
    29                                 TRUE equ 1
    30                                 FALSE equ 0
    31                                 
    32                                 SUCCESS equ 0
    33                                 NOSUCCESS equ 0
    34                                 
    35                                 STDIN equ 0
    36                                 STDOUT equ 1
    37                                 STDERR equ 2
    38                                 
    39                                 SYS_read equ 0
    40                                 SYS_write equ 1
    41                                 SYS_open equ 2
    42                                 SYS_close equ 3
    43                                 SYS_fork equ 57
    44                                 SYS_exit equ 60
    45                                 SYS_creat equ 85
    46                                 SYS_time equ 201
    47                                 
    48                                 LF equ 10
    49                                 NULL equ 0
    50                                 ESC equ 27
    51                                 
    52                                 
    53                                 
    54                                 
    55 00000000 BA0A0000E10A000051-    list1 dd 2746, 2785, 2641, -2417, 2660
    56 00000000 0A00008FF6FFFF640A-
    57 00000000 0000               
    58 00000014 DBF4FFFF510B0000D3-     dd -2853, 2897, 2259, 2375, -2220
    59 00000014 0800004709000054F7-
    60 00000014 FFFF               
    61 00000028 980B000096090000B8-     dd 2968, 2454, -2120, 2123, 2233
    62 00000028 F7FFFF4B080000B908-
    63 00000028 0000               
    64 0000003C 3B07000031FBFFFF06-     dd 1851, -1231, 1542, -1146, 1460
    65 0000003C 06000086FBFFFFB405-
    66 0000003C 0000               
    67 00000050 AB0400004705000053-     dd 1195, 1351, -1197, 1195, 1120
    68 00000050 FBFFFFAB0400006004-
    69 00000050 0000               
    70 00000064 54FBFFFF51040000B0-     dd -1196, 1105, 1200, 1730, 1871
    71 00000064 040000C20600004F07-
    72 00000064 0000               
    73 00000078 A30400006104000050-     dd 1187, 1121, 1872, -2287, 1567
    74 00000078 07000011F7FFFF1F06-
    75 00000078 0000               
    76 0000008C 6B090000020A0000        dd 2411, 2562
    77 00000094 25000000               len1 dd 37
    78 00000098 00000000               estMed1 dd 0
    79 0000009C 00000000               med1 dd 0
    80 000000A0 00000000               sum1 dd 0
    81 000000A4 00000000               ave1 dd 0
    82 000000A8 00000000               min1 dd 0
    83 000000AC 00000000               max1 dd 0
    84 000000B0 00000000               kStat1 dd 0
    85                                 
    86                                 
    87 000000B4 63040000620400000D-    list2 dd 1123, 1122, 1549, 1236, 1163
    88 000000B4 060000D40400008B04-
    89 000000B4 0000               
    90 000000C8 5604000063040000A7-     dd 1110, 1123, 1191, 1312, 1307
    91 000000C8 040000200500001B05-
    92 000000C8 0000               
    93 000000DC 570400006404000098-     dd 1111, 1124, -1384, 1159, 1548
    94 000000DC FAFFFF870400000C06-
    95 000000DC 0000               
    96 000000F0 A3FBFFFF6C04000097-     dd -1117, 1132, 1175, 1138, 1139
    97 000000F0 040000720400007304-
    98 000000F0 0000               
    99 00000104 61040000D004000013-     dd 1121, 1232, -1261, 1126, 1104
   100 00000104 FBFFFF660400005004-
   101 00000104 0000               
   102 00000118 5A0400007504000083-     dd 1114, 1141, 1155, 1654, -1167
   103 00000118 0400007606000071FB-
   104 00000118 FFFF               
   105 0000012C A7FBFFFF7504000078-     dd -1113, 1141, 1144, 1236, 1126
   106 0000012C 040000D40400006604-
   107 0000012C 0000               
   108 00000140 590400009705000065-     dd 1113, 1431, -1435, 1286, 1675
   109 00000140 FAFFFF060500008B06-
   110 00000140 0000               
   111 00000154 590400003E0500008E-     dd 1113, 1342, 1422, 1146, 1154
   112 00000154 0500007A0400008204-
   113 00000154 0000               
   114 00000168 760400005A04000064-     dd 1142, 1114, 1124, 1167, 1566
   115 00000168 0400008F0400001E06-
   116 00000168 0000               
   117 0000017C 340A00005B0A000053-     dd 2612, 2651, 2131, 2211, 2132
   118 0000017C 080000A30800005408-
   119 0000017C 0000               
   120 00000190 330A00004A0A0000A5-     dd 2611, 2634, 2725, -2416, -2321
   121 00000190 0A000090F6FFFFEFF6-
   122 00000190 FFFF               
   123 000001A4 330A0000C3F5FFFF53-     dd 2611, -2621, -2733, 2747, 2821
   124 000001A4 F5FFFFBB0A0000050B-
   125 000001A4 0000               
   126 000001B8 350A0000530800008D-     dd 2613, 2131, 2957, -2521, 2122
   127 000001B8 0B000027F6FFFF4A08-
   128 000001B8 0000               
   129 000001CC 3D0A00003F0A000007-     dd 2621, 2623, 2311, -2155, -2311
   130 000001CC 09000095F7FFFFF9F6-
   131 000001CC FFFF               
   132 000001E0 330A00003D0A000051-     dd 2611, 2621, 2641, 2859, 2721
   133 000001E0 0A00002B0B0000A10A-
   134 000001E0 0000               
   135 000001F4 BFF7FFFF5D08000060-     dd -2113, 2141, 2144, -2236, 2126
   136 000001F4 08000044F7FFFF4E08-
   137 000001F4 0000               
   138 00000208 550A0000650A0000B5-     dd 2645, 2661, -2123, 2947, 2621
   139 00000208 F7FFFF830B00003D0A-
   140 00000208 0000               
   141 0000021C 470A0000C3F5FFFFF3-     dd 2631, -2621, 2547, -2431, 2251
   142 0000021C 09000081F6FFFFCB08-
   143 0000021C 0000               
   144 00000230 680A00006F0A000003-     dd 2664, 2671, 2819, 2145, -2321
   145 00000230 0B000061080000EFF6-
   146 00000230 FFFF               
   147 00000244 650A00003D0A000055-     dd 2661, 2621, -2219, 2467, 2221
   148 00000244 F7FFFFA3090000AD08-
   149 00000244 0000               
   150 00000258 410800007F09000065-     dd 2113, 2431, -1435, 1286, 1085
   151 00000258 FAFFFF060500003D04-
   152 00000258 0000               
   153 0000026C 6E000000               len2 dd 110
   154 00000270 00000000               estMed2 dd 0
   155 00000274 00000000               med2 dd 0
   156 00000278 00000000               sum2 dd 0
   157 0000027C 00000000               ave2 dd 0
   158 00000280 00000000               min2 dd 0
   159 00000284 00000000               max2 dd 0
   160 00000288 00000000               kStat2 dd 0
   161                                 
   162                                 
   163 0000028C AC0500001C0600001A-    list3 dd 1452, 1564, 1562, 1236, 1254
   164 0000028C 060000D4040000E604-
   165 0000028C 0000               
   166 000002A0 620600002CFBFFFFE6-     dd 1634, -1236, -1562, 1269, -1412
   167 000002A0 F9FFFFF50400007CFA-
   168 000002A0 FFFF               
   169 000002B4 E5040000A50500001E-     dd 1253, 1445, 1566, 1247, 1883
   170 000002B4 060000DF0400005B07-
   171 000002B4 0000               
   172 000002C8 1BFBFFFFC80400001A-     dd -1253, 1224, 1562, 1214, -1298
   173 000002C8 060000BE040000EEFA-
   174 000002C8 FFFF               
   175 000002DC FB040000C2FAFFFFE6-     dd 1275, -1342, -1562, 1489, 1362
   176 000002DC F9FFFFD10500005205-
   177 000002DC 0000               
   178 000002F0 6A050000C60400002F-     dd 1386, 1222, 1583, 1256, -1229
   179 000002F0 060000E804000033FB-
   180 000002F0 FFFF               
   181 00000304 6A050000980500001A-     dd 1386, 1432, 1562, 1223, 1315
   182 00000304 060000C70400002305-
   183 00000304 0000               
   184 00000318 9606000077040000A4-     dd 1686, 1143, -1116, 1112, 1112
   185 00000318 FBFFFF580400005804-
   186 00000318 0000               
   187 0000032C 96FAFFFF7704000080-     dd -1386, 1143, 1152, 1145, 1184
   188 0000032C 04000079040000A004-
   189 0000032C 0000               
   190 00000340 B90700008204000070-     dd 1977, 1154, 1136, 1187, -1129
   191 00000340 040000A304000097FB-
   192 00000340 FFFF               
   193 00000354 990400007EFBFFFF81-     dd 1177, -1154, 1153, 1123, 1115
   194 00000354 040000630400005B04-
   195 00000354 0000               
   196 00000368 6F0400005B040000AD-     dd 1135, 1115, -1107, 1112, 1114
   197 00000368 FBFFFF580400005A04-
   198 00000368 0000               
   199 0000037C D30400008D04000073-     dd 1235, 1165, 1651, 1145, 1103
   200 0000037C 060000790400004F04-
   201 0000037C 0000               
   202 00000390 11060000980400008D-     dd 1553, 1176, 1165, 1891, -1156
   203 00000390 040000630700007CFB-
   204 00000390 FFFF               
   205 000003A4 65FAFFFF68FBFFFF7E-     dd -1435, -1176, -1154, 1168, 1162
   206 000003A4 FBFFFF900400008A04-
   207 000003A4 0000               
   208 000003B8 81060000980400006E-     dd 1665, 1176, 1134, 1123, -1144
   209 000003B8 0400006304000088FB-
   210 000003B8 FFFF               
   211 000003CC 48070000720400006C-     dd 1864, 1138, 1132, 1147, 1134
   212 000003CC 0400007B0400006E04-
   213 000003CC 0000               
   214 000003E0 FA060000A30400009F-     dd 1786, 1187, -1121, 1169, 1172
   215 000003E0 FBFFFF910400009404-
   216 000003E0 0000               
   217 000003F4 7CF9FFFFBD07000063-     dd -1668, 1981, 1123, 1179, -1185
   218 000003F4 0400009B0400005FFB-
   219 000003F4 FFFF               
   220 00000408 BA0500007CFBFFFF6F-     dd 1466, -1156, 1135, 1177, 1164
   221 00000408 040000990400008C04-
   222 00000408 0000               
   223 0000041C 8A0800002E0B00007F-     dd 2186, 2862, 2175, 2156, 2026
   224 0000041C 0800006C080000EA07-
   225 0000041C 0000               
   226 00000430 EE080000F908000034-     dd 2286, 2297, -2764, 2533, 2437
   227 00000430 F5FFFFE50900008509-
   228 00000430 0000               
   229 00000444 1BF5FFFF2D09000012-     dd -2789, 2349, 2578, 2344, 2349
   230 00000444 0A0000280900002D09-
   231 00000444 0000               
   232 00000458 D3080000480900007C-     dd 2259, 2376, -2180, 2223, 2459
   233 00000458 F7FFFFAF0800009B09-
   234 00000458 0000               
   235 0000046C 6E090000900900001A-     dd 2414, 2448, 2586, 2523, -2669
   236 0000046C 0A0000DB09000093F5-
   237 0000046C FFFF               
   238 00000480 ECF6FFFFB809000056-     dd -2324, 2488, 2134, 2338, 2121
   239 00000480 080000220900004908-
   240 00000480 0000               
   241 00000494 2A0900002809000010-     dd 2346, 2344, -2544, 2689, 2746
   242 00000494 F6FFFF810A0000BA0A-
   243 00000494 0000               
   244 000004A8 62080000A2090000AF-     dd 2146, 2466, 2223, 2716, 2519
   245 000004A8 0800009C0A0000D709-
   246 000004A8 0000               
   247 000004BC CD080000AB09000084-     dd 2253, 2475, 2436, 2161, 2679
   248 000004BC 09000071080000770A-
   249 000004BC 0000               
   250 000004D0 15090000E30800006C-     dd 2325, 2275, 2412, 2532, 2361
   251 000004D0 090000E40900003909-
   252 000004D0 0000               
   253 000004E4 E80900009809000041-     dd 2536, 2456, 2113, -2412, -2112
   254 000004E4 08000094F6FFFFC0F7-
   255 000004E4 FFFF               
   256 000004F8 CFF6FFFF8CF7FFFFAA-     dd -2353, -2164, -2134, 2123, 2184
   257 000004F8 F7FFFF4B0800008808-
   258 000004F8 0000               
   259 0000050C 5A080000510A000061-     dd 2138, 2641, 2145, -2109, -2115
   260 0000050C 080000C3F7FFFFBDF7-
   261 0000050C FFFF               
   262 00000520 B3F7FFFF4208000093-     dd -2125, 2114, 2451, 2189, 2114
   263 00000520 0900008D0800004208-
   264 00000520 0000               
   265 00000534 6A080000610800009D-     dd 2154, 2145, -2147, 2117, 2103
   266 00000534 F7FFFF450800003708-
   267 00000534 0000               
   268 00000548 E60900009EF7FFFF73-     dd 2534, -2146, 2163, -2187, 2156
   269 00000548 08000075F7FFFF6C08-
   270 00000548 0000               
   271 0000055C 8D090000740800007E-     dd 2445, 2164, 2174, 2176, -2162
   272 0000055C 080000800800008EF7-
   273 0000055C FFFF               
   274 00000570 600A000061080000AA-     dd 2656, 2145, -2134, 2156, 2144
   275 00000570 F7FFFF6C0800006008-
   276 00000570 0000               
   277 00000584 D9F4FFFF9EF7FFFF82-     dd -2855, -2146, 2178, 2145, 2134
   278 00000584 080000610800005608-
   279 00000584 0000               
   280 00000598 CB0A0000510A00006A-     dd 2763, 2641, 2154, 2341, -2172
   281 00000598 0800002509000084F7-
   282 00000598 FFFF               
   283 000005AC C8000000               len3 dd 200
   284 000005B0 00000000               estMed3 dd 0
   285 000005B4 00000000               med3 dd 0
   286 000005B8 00000000               sum3 dd 0
   287 000005BC 00000000               ave3 dd 0
   288 000005C0 00000000               min3 dd 0
   289 000005C4 00000000               max3 dd 0
   290 000005C8 00000000               kStat3 dd 0
   291                                 
   292                                 
   293                                 
   294                                 
   295                                 [extern combSort]
   296                                 %line 156+0 ast8main.asm
   297                                 [extern lstStats]
   298                                 %line 157+1 ast8main.asm
   299                                 [extern lstEstMedian]
   300                                 %line 157+0 ast8main.asm
   301                                 [extern lstKurtosis]
   302                                 %line 158+1 ast8main.asm
   303                                 
   304                                 [section .text]
   305                                 
   306                                 [section .text]
   307                                 [global _start]
   308                                 _stalrt:
   309                                 
   310                                 
   311                                 
   312                                 
   313                                 
   314 00000000 48C7C7[00000000]        mov rdi, list1
   315 00000007 8B3425[00000000]        mov esi, dword [len1]
   316 0000000E E8(F6FFFFFF)            call lstEstMedian
   317 00000013 890425[00000000]        mov dword [estMed1], eax
   318                                 
   319                                 
   320 0000001A 48C7C7[00000000]        mov rdi, list1
   321 00000021 8B3425[00000000]        mov esi, dword [len1]
   322 00000028 E8(F6FFFFFF)            call combSort
   323                                 
   324                                 
   325 0000002D 48C7C7[00000000]        mov rdi, list1
   326 00000034 8B3425[00000000]        mov esi, dword [len1]
   327 0000003B 48C7C2[00000000]        mov rdx, sum1
   328 00000042 48C7C1[00000000]        mov rcx, ave1
   329 00000049 49C7C0[00000000]        mov r8, min1
   330 00000050 49C7C1[00000000]        mov r9, max1
   331 00000057 48C7C0[00000000]        mov rax, med1
   332 0000005E 50                      push rax
   333 0000005F E8(F6FFFFFF)            call lstStats
   334 00000064 4883C408                add rsp, 8
   335                                 
   336                                 
   337 00000068 48C7C7[00000000]        mov rdi, list1
   338 0000006F 8B3425[00000000]        mov esi, dword [len1]
   339 00000076 8B1425[00000000]        mov edx, dword [ave1]
   340 0000007D E8(F6FFFFFF)            call lstKurtosis
   341 00000082 890425[00000000]        mov dword [kStat1], eax
   342                                 
   343                                 
   344                                 
   345                                 
   346                                 
   347                                 
   348 00000089 48C7C7[00000000]        mov rdi, list2
   349 00000090 8B3425[00000000]        mov esi, dword [len2]
   350 00000097 E8(F6FFFFFF)            call lstEstMedian
   351 0000009C 890425[00000000]        mov dword [estMed2], eax
   352                                 
   353                                 
   354 000000A3 48C7C7[00000000]        mov rdi, list2
   355 000000AA 8B3425[00000000]        mov esi, dword [len2]
   356 000000B1 E8(F6FFFFFF)            call combSort
   357                                 
   358                                 
   359 000000B6 48C7C7[00000000]        mov rdi, list2
   360 000000BD 8B3425[00000000]        mov esi, dword [len2]
   361 000000C4 48C7C2[00000000]        mov rdx, sum2
   362 000000CB 48C7C1[00000000]        mov rcx, ave2
   363 000000D2 49C7C0[00000000]        mov r8, min2
   364 000000D9 49C7C1[00000000]        mov r9, max2
   365 000000E0 48C7C0[00000000]        mov rax, med2
   366 000000E7 50                      push rax
   367 000000E8 E8(F6FFFFFF)            call lstStats
   368 000000ED 4883C408                add rsp, 8
   369                                 
   370                                 
   371 000000F1 48C7C7[00000000]        mov rdi, list2
   372 000000F8 8B3425[00000000]        mov esi, dword [len2]
   373 000000FF 8B1425[00000000]        mov edx, dword [ave2]
   374 00000106 E8(F6FFFFFF)            call lstKurtosis
   375 0000010B 890425[00000000]        mov dword [kStat2], eax
   376                                 
   377                                 
   378                                 
   379                                 
   380                                 
   381 00000112 48C7C7[00000000]        mov rdi, list3
   382 00000119 8B3425[00000000]        mov esi, dword [len3]
   383 00000120 E8(F6FFFFFF)            call lstEstMedian
   384 00000125 890425[00000000]        mov dword [estMed3], eax
   385                                 
   386                                 
   387 0000012C 48C7C7[00000000]        mov rdi, list3
   388 00000133 8B3425[00000000]        mov esi, dword [len3]
   389 0000013A E8(F6FFFFFF)            call combSort
   390                                 
   391                                 
   392 0000013F 48C7C7[00000000]        mov rdi, list3
   393 00000146 8B3425[00000000]        mov esi, dword [len3]
   394 0000014D 48C7C2[00000000]        mov rdx, sum3
   395 00000154 48C7C1[00000000]        mov rcx, ave3
   396 0000015B 49C7C0[00000000]        mov r8, min3
   397 00000162 49C7C1[00000000]        mov r9, max3
   398 00000169 48C7C0[00000000]        mov rax, med3
   399 00000170 50                      push rax
   400 00000171 E8(F6FFFFFF)            call lstStats
   401 00000176 4883C408                add rsp, 8
   402                                 
   403                                 
   404 0000017A 48C7C7[00000000]        mov rdi, list3
   405 00000181 8B3425[00000000]        mov esi, dword [len3]
   406 00000188 8B1425[00000000]        mov edx, dword [ave3]
   407 0000018F E8(F6FFFFFF)            call lstKurtosis
   408 00000194 890425[00000000]        mov dword [kStat3], eax
   409                                 
   410                                 
   411                                 
   412                                 
   413                                 last:
   414 0000019B 48C7C03C000000          mov rax, SYS_exit
   415 000001A2 48C7C700000000          mov rdi, SUCCESS
   416 000001A9 0F05                    syscall
   417                                 
